Starting Hyperparameter Tuning Experiments...
Running Experiment 1: Baseline
/home/zhanghan/anaconda3/envs/script/lib/python3.12/site-packages/stable_baselines3/common/on_policy_algorithm.py:150: UserWarning: You are trying to run PPO on the GPU, but it is primarily intended to run on the CPU when not using a CNN policy (you are using ActorCriticPolicy which should be a MlpPolicy). See https://github.com/DLR-RM/stable-baselines3/issues/1245 for more info. You can pass `device='cpu'` or `export CUDA_VISIBLE_DEVICES=` to force using the CPU.Note: The model will train, but the GPU utilization will be poor and the training might take longer than on CPU.
  warnings.warn(
/home/zhanghan/anaconda3/envs/script/lib/python3.12/site-packages/stable_baselines3/common/evaluation.py:70: UserWarning: Evaluation environment is not wrapped with a ``Monitor`` wrapper. This may result in reporting modified episode lengths and rewards, if other wrappers happen to modify these. Consider wrapping environment first with ``Monitor`` wrapper.
  warnings.warn(
/home/zhanghan/anaconda3/envs/script/lib/python3.12/site-packages/stable_baselines3/common/evaluation.py:70: UserWarning: Evaluation environment is not wrapped with a ``Monitor`` wrapper. This may result in reporting modified episode lengths and rewards, if other wrappers happen to modify these. Consider wrapping environment first with ``Monitor`` wrapper.
  warnings.warn(
Starting Hyperparameter Tuning Experiments...
Running Experiment 1: Baseline
--- Starting SB3 PPO Training on LunarLander-v3 ---
Hyperparameters: lr0.0003_g0.99_gae0.95_clip0.2_arch64_64
/home/zhanghan/anaconda3/envs/script/lib/python3.12/site-packages/stable_baselines3/common/on_policy_algorithm.py:150: UserWarning: You are trying to run PPO on the GPU, but it is primarily intended to run on the CPU when not using a CNN policy (you are using ActorCriticPolicy which should be a MlpPolicy). See https://github.com/DLR-RM/stable-baselines3/issues/1245 for more info. You can pass `device='cpu'` or `export CUDA_VISIBLE_DEVICES=` to force using the CPU.Note: The model will train, but the GPU utilization will be poor and the training might take longer than on CPU.
  warnings.warn(
Training in progress. Please wait...
/home/zhanghan/anaconda3/envs/script/lib/python3.12/site-packages/stable_baselines3/common/evaluation.py:70: UserWarning: Evaluation environment is not wrapped with a ``Monitor`` wrapper. This may result in reporting modified episode lengths and rewards, if other wrappers happen to modify these. Consider wrapping environment first with ``Monitor`` wrapper.
  warnings.warn(
Episode 20 | Eval Reward: -116.79
--> Saved new top model: model_ep20_rew-116.79.zip
/home/zhanghan/anaconda3/envs/script/lib/python3.12/site-packages/stable_baselines3/common/evaluation.py:70: UserWarning: Evaluation environment is not wrapped with a ``Monitor`` wrapper. This may result in reporting modified episode lengths and rewards, if other wrappers happen to modify these. Consider wrapping environment first with ``Monitor`` wrapper.
  warnings.warn(
Episode 40 | Eval Reward: -206.34
--> Saved new top model: model_ep40_rew-206.34.zip
Episode 60 | Eval Reward: -145.51
--> Saved new top model: model_ep60_rew-145.51.zip
Episode 80 | Eval Reward: -133.09
--> Saved new top model: model_ep80_rew-133.09.zip
--> Removed lower performing model: model_ep40_rew-206.34.zip
Episode 100 | Eval Reward: -118.65
--> Saved new top model: model_ep100_rew-118.65.zip
--> Removed lower performing model: model_ep60_rew-145.51.zip
Episode 120 | Eval Reward: -154.13
Episode 140 | Eval Reward: -87.31
--> Saved new top model: model_ep140_rew-87.31.zip
--> Removed lower performing model: model_ep80_rew-133.09.zip
Episode 160 | Eval Reward: -122.80
Episode 180 | Eval Reward: -106.58
--> Saved new top model: model_ep180_rew-106.58.zip
--> Removed lower performing model: model_ep100_rew-118.65.zip
Episode 200 | Eval Reward: -99.60
--> Saved new top model: model_ep200_rew-99.60.zip
--> Removed lower performing model: model_ep20_rew-116.79.zip
Episode 220 | Eval Reward: -180.82
Episode 240 | Eval Reward: -233.03
Episode 260 | Eval Reward: -243.40
Starting Hyperparameter Tuning Experiments...
Running Experiment 1: Baseline
--- Starting SB3 PPO Training on LunarLander-v3 ---
Hyperparameters: lr0.0003_g0.99_gae0.95_clip0.2_arch64_64
Training in progress. Please wait...
/home/zhanghan/anaconda3/envs/script/lib/python3.12/site-packages/stable_baselines3/common/evaluation.py:70: UserWarning: Evaluation environment is not wrapped with a ``Monitor`` wrapper. This may result in reporting modified episode lengths and rewards, if other wrappers happen to modify these. Consider wrapping environment first with ``Monitor`` wrapper.
  warnings.warn(
Episode 20 | Eval Reward: -204.75
--> Saved new top model: model_ep20_rew-204.75.zip
/home/zhanghan/anaconda3/envs/script/lib/python3.12/site-packages/stable_baselines3/common/evaluation.py:70: UserWarning: Evaluation environment is not wrapped with a ``Monitor`` wrapper. This may result in reporting modified episode lengths and rewards, if other wrappers happen to modify these. Consider wrapping environment first with ``Monitor`` wrapper.
  warnings.warn(
Episode 40 | Eval Reward: -260.11
--> Saved new top model: model_ep40_rew-260.11.zip
Episode 60 | Eval Reward: -285.38
--> Saved new top model: model_ep60_rew-285.38.zip
Episode 80 | Eval Reward: -250.19
--> Saved new top model: model_ep80_rew-250.19.zip
--> Removed lower performing model: model_ep60_rew-285.38.zip
Episode 100 | Eval Reward: -170.24
--> Saved new top model: model_ep100_rew-170.24.zip
--> Removed lower performing model: model_ep40_rew-260.11.zip
Episode 120 | Eval Reward: -237.02
--> Saved new top model: model_ep120_rew-237.02.zip
--> Removed lower performing model: model_ep80_rew-250.19.zip
Episode 140 | Eval Reward: -243.50
Episode 160 | Eval Reward: -327.89
Episode 180 | Eval Reward: -300.39
Episode 200 | Eval Reward: -232.01
--> Saved new top model: model_ep200_rew-232.01.zip
--> Removed lower performing model: model_ep120_rew-237.02.zip
Episode 220 | Eval Reward: -217.82
--> Saved new top model: model_ep220_rew-217.82.zip
--> Removed lower performing model: model_ep200_rew-232.01.zip
Episode 240 | Eval Reward: -211.65
--> Saved new top model: model_ep240_rew-211.65.zip
--> Removed lower performing model: model_ep220_rew-217.82.zip
Episode 260 | Eval Reward: -236.91
Episode 280 | Eval Reward: -242.73
Episode 300 | Eval Reward: -191.38
--> Saved new top model: model_ep300_rew-191.38.zip
--> Removed lower performing model: model_ep240_rew-211.65.zip
Episode 320 | Eval Reward: -293.46
Episode 340 | Eval Reward: -83.75
--> Saved new top model: model_ep340_rew-83.75.zip
--> Removed lower performing model: model_ep20_rew-204.75.zip
Episode 360 | Eval Reward: 70.53
--> Saved new top model: model_ep360_rew70.53.zip
--> Removed lower performing model: model_ep300_rew-191.38.zip
Episode 380 | Eval Reward: 104.90
--> Saved new top model: model_ep380_rew104.90.zip
--> Removed lower performing model: model_ep100_rew-170.24.zip
Episode 400 | Eval Reward: 99.90
--> Saved new top model: model_ep400_rew99.90.zip
--> Removed lower performing model: model_ep340_rew-83.75.zip
Episode 420 | Eval Reward: 173.51
--> Saved new top model: model_ep420_rew173.51.zip
--> Removed lower performing model: model_ep360_rew70.53.zip
Episode 440 | Eval Reward: 83.14
Episode 460 | Eval Reward: 139.20
--> Saved new top model: model_ep460_rew139.20.zip
--> Removed lower performing model: model_ep400_rew99.90.zip
Episode 480 | Eval Reward: 153.25
--> Saved new top model: model_ep480_rew153.25.zip
--> Removed lower performing model: model_ep380_rew104.90.zip
Episode 500 | Eval Reward: 165.28
--> Saved new top model: model_ep500_rew165.28.zip
--> Removed lower performing model: model_ep460_rew139.20.zip
Episode 520 | Eval Reward: 161.59
--> Saved new top model: model_ep520_rew161.59.zip
--> Removed lower performing model: model_ep480_rew153.25.zip
Episode 540 | Eval Reward: 88.55
Episode 560 | Eval Reward: 142.71
Episode 580 | Eval Reward: 172.44
--> Saved new top model: model_ep580_rew172.44.zip
--> Removed lower performing model: model_ep520_rew161.59.zip
Episode 600 | Eval Reward: 191.16
--> Saved new top model: model_ep600_rew191.16.zip
--> Removed lower performing model: model_ep500_rew165.28.zip
Episode 620 | Eval Reward: 210.83
--> Saved new top model: model_ep620_rew210.83.zip
--> Removed lower performing model: model_ep580_rew172.44.zip
Episode 640 | Eval Reward: 167.63
Episode 660 | Eval Reward: 149.52
Episode 680 | Eval Reward: 139.36
Episode 700 | Eval Reward: 171.69
Episode 720 | Eval Reward: 108.61
Episode 740 | Eval Reward: 129.88
Episode 760 | Eval Reward: 177.03
--> Saved new top model: model_ep760_rew177.03.zip
--> Removed lower performing model: model_ep420_rew173.51.zip
Episode 780 | Eval Reward: 132.71
Episode 800 | Eval Reward: 177.52
--> Saved new top model: model_ep800_rew177.52.zip
--> Removed lower performing model: model_ep760_rew177.03.zip
Episode 820 | Eval Reward: 169.10
Episode 840 | Eval Reward: 173.68
Episode 860 | Eval Reward: 167.65
Episode 880 | Eval Reward: 186.05
--> Saved new top model: model_ep880_rew186.05.zip
--> Removed lower performing model: model_ep800_rew177.52.zip
Episode 900 | Eval Reward: 219.26
--> Saved new top model: model_ep900_rew219.26.zip
--> Removed lower performing model: model_ep880_rew186.05.zip
Episode 920 | Eval Reward: 69.30
Episode 940 | Eval Reward: 112.04
Episode 960 | Eval Reward: 105.63
Episode 980 | Eval Reward: 95.15
Episode 1000 | Eval Reward: 142.49
Episode 1020 | Eval Reward: 141.90
Episode 1040 | Eval Reward: -4.23
Episode 1060 | Eval Reward: 118.71
Episode 1080 | Eval Reward: 204.80
--> Saved new top model: model_ep1080_rew204.80.zip
--> Removed lower performing model: model_ep600_rew191.16.zip
Episode 1100 | Eval Reward: 169.29
Episode 1120 | Eval Reward: 123.67

Plot successfully saved to results/plots/Performance_lr0.0003_g0.99_gae0.95_clip0.2_arch64_64.png
--- Training Completed for lr0.0003_g0.99_gae0.95_clip0.2_arch64_64 ---
Running Experiment 2: Higher Learning Rate
--- Starting SB3 PPO Training on LunarLander-v3 ---
Hyperparameters: lr0.001_g0.99_gae0.95_clip0.2_arch64_64
Training in progress. Please wait...
/home/zhanghan/anaconda3/envs/script/lib/python3.12/site-packages/stable_baselines3/common/evaluation.py:70: UserWarning: Evaluation environment is not wrapped with a ``Monitor`` wrapper. This may result in reporting modified episode lengths and rewards, if other wrappers happen to modify these. Consider wrapping environment first with ``Monitor`` wrapper.
  warnings.warn(
Episode 20 | Eval Reward: -270.62
--> Saved new top model: model_ep20_rew-270.62.zip
/home/zhanghan/anaconda3/envs/script/lib/python3.12/site-packages/stable_baselines3/common/evaluation.py:70: UserWarning: Evaluation environment is not wrapped with a ``Monitor`` wrapper. This may result in reporting modified episode lengths and rewards, if other wrappers happen to modify these. Consider wrapping environment first with ``Monitor`` wrapper.
  warnings.warn(
Episode 40 | Eval Reward: -137.17
--> Saved new top model: model_ep40_rew-137.17.zip
Episode 60 | Eval Reward: -154.68
--> Saved new top model: model_ep60_rew-154.68.zip
Episode 80 | Eval Reward: -118.48
--> Saved new top model: model_ep80_rew-118.48.zip
--> Removed lower performing model: model_ep20_rew-270.62.zip
Episode 100 | Eval Reward: -140.07
--> Saved new top model: model_ep100_rew-140.07.zip
--> Removed lower performing model: model_ep60_rew-154.68.zip
Episode 120 | Eval Reward: -195.01
Episode 140 | Eval Reward: -106.08
--> Saved new top model: model_ep140_rew-106.08.zip
--> Removed lower performing model: model_ep100_rew-140.07.zip
Episode 160 | Eval Reward: -45.55
--> Saved new top model: model_ep160_rew-45.55.zip
--> Removed lower performing model: model_ep40_rew-137.17.zip
Episode 180 | Eval Reward: -122.26
Episode 200 | Eval Reward: -109.27
--> Saved new top model: model_ep200_rew-109.27.zip
--> Removed lower performing model: model_ep80_rew-118.48.zip
Episode 220 | Eval Reward: 207.90
--> Saved new top model: model_ep220_rew207.90.zip
--> Removed lower performing model: model_ep200_rew-109.27.zip
Episode 240 | Eval Reward: 140.66
--> Saved new top model: model_ep240_rew140.66.zip
--> Removed lower performing model: model_ep140_rew-106.08.zip
Episode 260 | Eval Reward: -102.41
Episode 280 | Eval Reward: 133.48
--> Saved new top model: model_ep280_rew133.48.zip
--> Removed lower performing model: model_ep160_rew-45.55.zip
Episode 300 | Eval Reward: 99.03
Episode 320 | Eval Reward: 103.09
Episode 340 | Eval Reward: 207.04
--> Saved new top model: model_ep340_rew207.04.zip
--> Removed lower performing model: model_ep280_rew133.48.zip
Episode 360 | Eval Reward: 71.33
Episode 380 | Eval Reward: 86.01
Episode 400 | Eval Reward: 111.78
Episode 420 | Eval Reward: 126.06
Episode 440 | Eval Reward: 132.64
Episode 460 | Eval Reward: 128.97
Episode 480 | Eval Reward: 176.68
--> Saved new top model: model_ep480_rew176.68.zip
--> Removed lower performing model: model_ep240_rew140.66.zip
Episode 500 | Eval Reward: 137.92
Episode 520 | Eval Reward: 98.74
Episode 540 | Eval Reward: 113.16
Episode 560 | Eval Reward: 141.91
Episode 580 | Eval Reward: 110.32
Episode 600 | Eval Reward: 86.44
Episode 620 | Eval Reward: 137.38
Episode 640 | Eval Reward: 168.79
Episode 660 | Eval Reward: 208.95
--> Saved new top model: model_ep660_rew208.95.zip
--> Removed lower performing model: model_ep480_rew176.68.zip
Episode 680 | Eval Reward: 172.98
Episode 700 | Eval Reward: 167.96
Episode 720 | Eval Reward: 124.28
Episode 740 | Eval Reward: 187.29
Episode 760 | Eval Reward: 113.91
Episode 780 | Eval Reward: 244.44
--> Saved new top model: model_ep780_rew244.44.zip
--> Removed lower performing model: model_ep340_rew207.04.zip
Episode 800 | Eval Reward: 182.93
Episode 820 | Eval Reward: 174.38
Episode 840 | Eval Reward: 135.47
Episode 860 | Eval Reward: 166.94
Episode 880 | Eval Reward: 208.80
--> Saved new top model: model_ep880_rew208.80.zip
--> Removed lower performing model: model_ep220_rew207.90.zip
Episode 900 | Eval Reward: 230.68
--> Saved new top model: model_ep900_rew230.68.zip
--> Removed lower performing model: model_ep880_rew208.80.zip
Episode 920 | Eval Reward: 183.89
Episode 940 | Eval Reward: 166.22
Episode 960 | Eval Reward: 180.15
Episode 980 | Eval Reward: 165.73
Episode 1000 | Eval Reward: 115.59
Episode 1020 | Eval Reward: 130.35
Episode 1040 | Eval Reward: 216.90
--> Saved new top model: model_ep1040_rew216.90.zip
--> Removed lower performing model: model_ep660_rew208.95.zip
Episode 1060 | Eval Reward: 181.76
Episode 1080 | Eval Reward: 191.39
Episode 1100 | Eval Reward: 195.92
Episode 1120 | Eval Reward: 186.24
Episode 1140 | Eval Reward: 225.91
--> Saved new top model: model_ep1140_rew225.91.zip
--> Removed lower performing model: model_ep1040_rew216.90.zip
Episode 1160 | Eval Reward: 152.86
Episode 1180 | Eval Reward: 153.71
Episode 1200 | Eval Reward: 66.47

Plot successfully saved to results/plots/Performance_lr0.001_g0.99_gae0.95_clip0.2_arch64_64.png
--- Training Completed for lr0.001_g0.99_gae0.95_clip0.2_arch64_64 ---
Running Experiment 3: Higher Gamma (focus on long-term reward)
--- Starting SB3 PPO Training on LunarLander-v3 ---
Hyperparameters: lr0.0003_g0.999_gae0.95_clip0.2_arch64_64
Training in progress. Please wait...
/home/zhanghan/anaconda3/envs/script/lib/python3.12/site-packages/stable_baselines3/common/evaluation.py:70: UserWarning: Evaluation environment is not wrapped with a ``Monitor`` wrapper. This may result in reporting modified episode lengths and rewards, if other wrappers happen to modify these. Consider wrapping environment first with ``Monitor`` wrapper.
  warnings.warn(
Episode 20 | Eval Reward: -299.97
--> Saved new top model: model_ep20_rew-299.97.zip
/home/zhanghan/anaconda3/envs/script/lib/python3.12/site-packages/stable_baselines3/common/evaluation.py:70: UserWarning: Evaluation environment is not wrapped with a ``Monitor`` wrapper. This may result in reporting modified episode lengths and rewards, if other wrappers happen to modify these. Consider wrapping environment first with ``Monitor`` wrapper.
  warnings.warn(
Episode 40 | Eval Reward: -227.51
--> Saved new top model: model_ep40_rew-227.51.zip
Episode 60 | Eval Reward: -124.74
--> Saved new top model: model_ep60_rew-124.74.zip
Episode 80 | Eval Reward: -99.82
--> Saved new top model: model_ep80_rew-99.82.zip
--> Removed lower performing model: model_ep20_rew-299.97.zip
Episode 100 | Eval Reward: -100.26
--> Saved new top model: model_ep100_rew-100.26.zip
--> Removed lower performing model: model_ep40_rew-227.51.zip
Episode 120 | Eval Reward: -211.89
Episode 140 | Eval Reward: -147.82
Episode 160 | Eval Reward: -186.55
Episode 180 | Eval Reward: -100.47
--> Saved new top model: model_ep180_rew-100.47.zip
--> Removed lower performing model: model_ep60_rew-124.74.zip
Episode 200 | Eval Reward: -98.76
--> Saved new top model: model_ep200_rew-98.76.zip
--> Removed lower performing model: model_ep180_rew-100.47.zip
Episode 220 | Eval Reward: -19.09
--> Saved new top model: model_ep220_rew-19.09.zip
--> Removed lower performing model: model_ep100_rew-100.26.zip
Episode 240 | Eval Reward: -2.05
--> Saved new top model: model_ep240_rew-2.05.zip
--> Removed lower performing model: model_ep80_rew-99.82.zip
Episode 260 | Eval Reward: -115.88
Episode 280 | Eval Reward: -53.34
--> Saved new top model: model_ep280_rew-53.34.zip
--> Removed lower performing model: model_ep200_rew-98.76.zip
Episode 300 | Eval Reward: -35.44
--> Saved new top model: model_ep300_rew-35.44.zip
--> Removed lower performing model: model_ep280_rew-53.34.zip
Episode 320 | Eval Reward: 6.81
--> Saved new top model: model_ep320_rew6.81.zip
--> Removed lower performing model: model_ep300_rew-35.44.zip
Episode 340 | Eval Reward: 61.57
--> Saved new top model: model_ep340_rew61.57.zip
--> Removed lower performing model: model_ep220_rew-19.09.zip
Episode 360 | Eval Reward: 166.73
--> Saved new top model: model_ep360_rew166.73.zip
--> Removed lower performing model: model_ep240_rew-2.05.zip
Episode 380 | Eval Reward: 222.60
--> Saved new top model: model_ep380_rew222.60.zip
--> Removed lower performing model: model_ep320_rew6.81.zip
Episode 400 | Eval Reward: 178.57
--> Saved new top model: model_ep400_rew178.57.zip
--> Removed lower performing model: model_ep340_rew61.57.zip
Episode 420 | Eval Reward: 109.64
Episode 440 | Eval Reward: 130.10
Episode 460 | Eval Reward: 145.20
Episode 480 | Eval Reward: 106.95
Episode 500 | Eval Reward: 96.85
Episode 520 | Eval Reward: 150.03
Episode 540 | Eval Reward: 130.35
Episode 560 | Eval Reward: 168.57
--> Saved new top model: model_ep560_rew168.57.zip
--> Removed lower performing model: model_ep360_rew166.73.zip
Episode 580 | Eval Reward: 146.15
Episode 600 | Eval Reward: 163.34
Episode 620 | Eval Reward: 157.33
Episode 640 | Eval Reward: 182.20
--> Saved new top model: model_ep640_rew182.20.zip
--> Removed lower performing model: model_ep560_rew168.57.zip
Episode 660 | Eval Reward: 120.88
Episode 680 | Eval Reward: 217.87
--> Saved new top model: model_ep680_rew217.87.zip
--> Removed lower performing model: model_ep400_rew178.57.zip
Episode 700 | Eval Reward: 53.55
Episode 720 | Eval Reward: -11.90
Episode 740 | Eval Reward: 67.44
Episode 760 | Eval Reward: -55.71
Episode 780 | Eval Reward: -35.51
Episode 800 | Eval Reward: -14.81
Episode 820 | Eval Reward: 58.57
Episode 840 | Eval Reward: 34.73
Episode 860 | Eval Reward: 22.69
Episode 880 | Eval Reward: 150.77
Episode 900 | Eval Reward: 141.63
Episode 920 | Eval Reward: 68.50
Episode 940 | Eval Reward: 109.41
Episode 960 | Eval Reward: 141.62
Episode 980 | Eval Reward: 165.21
Episode 1000 | Eval Reward: 199.50
--> Saved new top model: model_ep1000_rew199.50.zip
--> Removed lower performing model: model_ep640_rew182.20.zip
Episode 1020 | Eval Reward: 191.21
Episode 1040 | Eval Reward: 204.04
--> Saved new top model: model_ep1040_rew204.04.zip
--> Removed lower performing model: model_ep1000_rew199.50.zip
Episode 1060 | Eval Reward: 159.22
Episode 1080 | Eval Reward: 196.27
Episode 1100 | Eval Reward: 123.59

Plot successfully saved to results/plots/Performance_lr0.0003_g0.999_gae0.95_clip0.2_arch64_64.png
--- Training Completed for lr0.0003_g0.999_gae0.95_clip0.2_arch64_64 ---
Running Experiment 4: Wider Network Architecture (128 128)
--- Starting SB3 PPO Training on LunarLander-v3 ---
Hyperparameters: lr0.0003_g0.99_gae0.95_clip0.2_arch128_128
Training in progress. Please wait...
/home/zhanghan/anaconda3/envs/script/lib/python3.12/site-packages/stable_baselines3/common/evaluation.py:70: UserWarning: Evaluation environment is not wrapped with a ``Monitor`` wrapper. This may result in reporting modified episode lengths and rewards, if other wrappers happen to modify these. Consider wrapping environment first with ``Monitor`` wrapper.
  warnings.warn(
Episode 20 | Eval Reward: -216.40
--> Saved new top model: model_ep20_rew-216.40.zip
/home/zhanghan/anaconda3/envs/script/lib/python3.12/site-packages/stable_baselines3/common/evaluation.py:70: UserWarning: Evaluation environment is not wrapped with a ``Monitor`` wrapper. This may result in reporting modified episode lengths and rewards, if other wrappers happen to modify these. Consider wrapping environment first with ``Monitor`` wrapper.
  warnings.warn(
Episode 40 | Eval Reward: -146.42
--> Saved new top model: model_ep40_rew-146.42.zip
Episode 60 | Eval Reward: -109.07
--> Saved new top model: model_ep60_rew-109.07.zip
Episode 80 | Eval Reward: -116.15
--> Saved new top model: model_ep80_rew-116.15.zip
--> Removed lower performing model: model_ep20_rew-216.40.zip
Episode 100 | Eval Reward: -150.39
Episode 120 | Eval Reward: -233.03
Episode 140 | Eval Reward: -139.49
--> Saved new top model: model_ep140_rew-139.49.zip
--> Removed lower performing model: model_ep40_rew-146.42.zip
Episode 160 | Eval Reward: -138.44
--> Saved new top model: model_ep160_rew-138.44.zip
--> Removed lower performing model: model_ep140_rew-139.49.zip
Episode 180 | Eval Reward: -199.76
Episode 200 | Eval Reward: -175.13
Episode 220 | Eval Reward: -95.09
--> Saved new top model: model_ep220_rew-95.09.zip
--> Removed lower performing model: model_ep160_rew-138.44.zip
Episode 240 | Eval Reward: -52.45
--> Saved new top model: model_ep240_rew-52.45.zip
--> Removed lower performing model: model_ep80_rew-116.15.zip
Episode 260 | Eval Reward: -155.76
Episode 280 | Eval Reward: 27.36
--> Saved new top model: model_ep280_rew27.36.zip
--> Removed lower performing model: model_ep60_rew-109.07.zip
Episode 300 | Eval Reward: 32.08
--> Saved new top model: model_ep300_rew32.08.zip
--> Removed lower performing model: model_ep220_rew-95.09.zip
Episode 320 | Eval Reward: 47.43
--> Saved new top model: model_ep320_rew47.43.zip
--> Removed lower performing model: model_ep240_rew-52.45.zip
Episode 340 | Eval Reward: 133.06
--> Saved new top model: model_ep340_rew133.06.zip
--> Removed lower performing model: model_ep280_rew27.36.zip
Episode 360 | Eval Reward: 162.18
--> Saved new top model: model_ep360_rew162.18.zip
--> Removed lower performing model: model_ep300_rew32.08.zip
Episode 380 | Eval Reward: 171.54
--> Saved new top model: model_ep380_rew171.54.zip
--> Removed lower performing model: model_ep320_rew47.43.zip
Episode 400 | Eval Reward: 109.27
Episode 420 | Eval Reward: 240.92
--> Saved new top model: model_ep420_rew240.92.zip
--> Removed lower performing model: model_ep340_rew133.06.zip
Episode 440 | Eval Reward: 145.51
Episode 460 | Eval Reward: 178.42
--> Saved new top model: model_ep460_rew178.42.zip
--> Removed lower performing model: model_ep360_rew162.18.zip
Episode 480 | Eval Reward: 160.13
Episode 500 | Eval Reward: 150.30
Episode 520 | Eval Reward: 161.64
Episode 540 | Eval Reward: 189.17
--> Saved new top model: model_ep540_rew189.17.zip
--> Removed lower performing model: model_ep380_rew171.54.zip
Episode 560 | Eval Reward: 103.81
Episode 580 | Eval Reward: 197.45
--> Saved new top model: model_ep580_rew197.45.zip
--> Removed lower performing model: model_ep460_rew178.42.zip
Episode 600 | Eval Reward: 222.25
--> Saved new top model: model_ep600_rew222.25.zip
--> Removed lower performing model: model_ep540_rew189.17.zip
Episode 620 | Eval Reward: 184.20
Episode 640 | Eval Reward: 203.45
--> Saved new top model: model_ep640_rew203.45.zip
--> Removed lower performing model: model_ep580_rew197.45.zip
Episode 660 | Eval Reward: 205.08
--> Saved new top model: model_ep660_rew205.08.zip
--> Removed lower performing model: model_ep640_rew203.45.zip
Episode 680 | Eval Reward: 211.56
--> Saved new top model: model_ep680_rew211.56.zip
--> Removed lower performing model: model_ep660_rew205.08.zip
Episode 700 | Eval Reward: 155.95
Episode 720 | Eval Reward: 229.30
--> Saved new top model: model_ep720_rew229.30.zip
--> Removed lower performing model: model_ep680_rew211.56.zip
Episode 740 | Eval Reward: 132.03
Episode 760 | Eval Reward: 77.12
Episode 780 | Eval Reward: 143.75
Episode 800 | Eval Reward: 162.32
Episode 820 | Eval Reward: 168.37
Episode 840 | Eval Reward: 201.29
Episode 860 | Eval Reward: 177.71
Episode 880 | Eval Reward: 191.56
Episode 900 | Eval Reward: 139.80
Episode 920 | Eval Reward: 88.20
Episode 940 | Eval Reward: 116.72
Episode 960 | Eval Reward: 80.69
Episode 980 | Eval Reward: 141.04
Episode 1000 | Eval Reward: 167.61
Episode 1020 | Eval Reward: 233.12
--> Saved new top model: model_ep1020_rew233.12.zip
--> Removed lower performing model: model_ep600_rew222.25.zip
Episode 1040 | Eval Reward: 202.56
Episode 1060 | Eval Reward: 178.21
Episode 1080 | Eval Reward: 140.74
Episode 1100 | Eval Reward: 110.19

Plot successfully saved to results/plots/Performance_lr0.0003_g0.99_gae0.95_clip0.2_arch128_128.png
--- Training Completed for lr0.0003_g0.99_gae0.95_clip0.2_arch128_128 ---
Running Experiment 5: Deeper Network Architecture (64 64 64)
--- Starting SB3 PPO Training on LunarLander-v3 ---
Hyperparameters: lr0.0003_g0.99_gae0.95_clip0.2_arch64_64_64
Training in progress. Please wait...
/home/zhanghan/anaconda3/envs/script/lib/python3.12/site-packages/stable_baselines3/common/evaluation.py:70: UserWarning: Evaluation environment is not wrapped with a ``Monitor`` wrapper. This may result in reporting modified episode lengths and rewards, if other wrappers happen to modify these. Consider wrapping environment first with ``Monitor`` wrapper.
  warnings.warn(
Episode 20 | Eval Reward: -107.78
--> Saved new top model: model_ep20_rew-107.78.zip
/home/zhanghan/anaconda3/envs/script/lib/python3.12/site-packages/stable_baselines3/common/evaluation.py:70: UserWarning: Evaluation environment is not wrapped with a ``Monitor`` wrapper. This may result in reporting modified episode lengths and rewards, if other wrappers happen to modify these. Consider wrapping environment first with ``Monitor`` wrapper.
  warnings.warn(
Episode 40 | Eval Reward: -110.94
--> Saved new top model: model_ep40_rew-110.94.zip
Episode 60 | Eval Reward: -125.12
--> Saved new top model: model_ep60_rew-125.12.zip
Episode 80 | Eval Reward: -109.87
--> Saved new top model: model_ep80_rew-109.87.zip
--> Removed lower performing model: model_ep60_rew-125.12.zip
Episode 100 | Eval Reward: -83.51
--> Saved new top model: model_ep100_rew-83.51.zip
--> Removed lower performing model: model_ep40_rew-110.94.zip
Episode 120 | Eval Reward: -107.84
--> Saved new top model: model_ep120_rew-107.84.zip
--> Removed lower performing model: model_ep80_rew-109.87.zip
Episode 140 | Eval Reward: -146.30
Episode 160 | Eval Reward: -87.32
--> Saved new top model: model_ep160_rew-87.32.zip
--> Removed lower performing model: model_ep120_rew-107.84.zip
Episode 180 | Eval Reward: -88.09
--> Saved new top model: model_ep180_rew-88.09.zip
--> Removed lower performing model: model_ep20_rew-107.78.zip
Episode 200 | Eval Reward: -130.71
Episode 220 | Eval Reward: 196.97
--> Saved new top model: model_ep220_rew196.97.zip
--> Removed lower performing model: model_ep180_rew-88.09.zip
Episode 240 | Eval Reward: 242.68
--> Saved new top model: model_ep240_rew242.68.zip
--> Removed lower performing model: model_ep160_rew-87.32.zip
Episode 260 | Eval Reward: 194.11
--> Saved new top model: model_ep260_rew194.11.zip
--> Removed lower performing model: model_ep100_rew-83.51.zip
Episode 280 | Eval Reward: 181.19
Episode 300 | Eval Reward: 180.17
Episode 320 | Eval Reward: 177.46
Episode 340 | Eval Reward: 201.60
--> Saved new top model: model_ep340_rew201.60.zip
--> Removed lower performing model: model_ep260_rew194.11.zip
Episode 360 | Eval Reward: 199.40
--> Saved new top model: model_ep360_rew199.40.zip
--> Removed lower performing model: model_ep220_rew196.97.zip
Episode 380 | Eval Reward: 189.39
Episode 400 | Eval Reward: 146.31
Episode 420 | Eval Reward: 138.64
Episode 440 | Eval Reward: 140.34
Episode 460 | Eval Reward: 155.05
Episode 480 | Eval Reward: 204.29
--> Saved new top model: model_ep480_rew204.29.zip
--> Removed lower performing model: model_ep360_rew199.40.zip
Episode 500 | Eval Reward: 125.91
Episode 520 | Eval Reward: 108.46
Episode 540 | Eval Reward: 202.56
--> Saved new top model: model_ep540_rew202.56.zip
--> Removed lower performing model: model_ep340_rew201.60.zip
Episode 560 | Eval Reward: 173.24
Episode 580 | Eval Reward: 118.01
Episode 600 | Eval Reward: 179.56
Episode 620 | Eval Reward: 158.20
Episode 640 | Eval Reward: 188.00
Episode 660 | Eval Reward: 162.66
Episode 680 | Eval Reward: 146.68
Episode 700 | Eval Reward: 139.59
Episode 720 | Eval Reward: 220.36
--> Saved new top model: model_ep720_rew220.36.zip
--> Removed lower performing model: model_ep540_rew202.56.zip
Episode 740 | Eval Reward: 204.93
--> Saved new top model: model_ep740_rew204.93.zip
--> Removed lower performing model: model_ep480_rew204.29.zip
Episode 760 | Eval Reward: 244.15
--> Saved new top model: model_ep760_rew244.15.zip
--> Removed lower performing model: model_ep740_rew204.93.zip
Episode 780 | Eval Reward: 170.06
Episode 800 | Eval Reward: 219.88
Episode 820 | Eval Reward: 229.54
--> Saved new top model: model_ep820_rew229.54.zip
--> Removed lower performing model: model_ep720_rew220.36.zip
Episode 840 | Eval Reward: 225.52
Episode 860 | Eval Reward: 190.07
Episode 880 | Eval Reward: 173.84
Episode 900 | Eval Reward: 213.86
Episode 920 | Eval Reward: 152.88
Episode 940 | Eval Reward: 170.27

Plot successfully saved to results/plots/Performance_lr0.0003_g0.99_gae0.95_clip0.2_arch64_64_64.png
--- Training Completed for lr0.0003_g0.99_gae0.95_clip0.2_arch64_64_64 ---
Running Experiment 6: Tighter Clipping Boundary
--- Starting SB3 PPO Training on LunarLander-v3 ---
Hyperparameters: lr0.0003_g0.99_gae0.95_clip0.1_arch64_64
Training in progress. Please wait...
/home/zhanghan/anaconda3/envs/script/lib/python3.12/site-packages/stable_baselines3/common/evaluation.py:70: UserWarning: Evaluation environment is not wrapped with a ``Monitor`` wrapper. This may result in reporting modified episode lengths and rewards, if other wrappers happen to modify these. Consider wrapping environment first with ``Monitor`` wrapper.
  warnings.warn(
Episode 20 | Eval Reward: -237.19
--> Saved new top model: model_ep20_rew-237.19.zip
/home/zhanghan/anaconda3/envs/script/lib/python3.12/site-packages/stable_baselines3/common/evaluation.py:70: UserWarning: Evaluation environment is not wrapped with a ``Monitor`` wrapper. This may result in reporting modified episode lengths and rewards, if other wrappers happen to modify these. Consider wrapping environment first with ``Monitor`` wrapper.
  warnings.warn(
Episode 40 | Eval Reward: -125.15
--> Saved new top model: model_ep40_rew-125.15.zip
Episode 60 | Eval Reward: -176.39
--> Saved new top model: model_ep60_rew-176.39.zip
Episode 80 | Eval Reward: -160.64
--> Saved new top model: model_ep80_rew-160.64.zip
--> Removed lower performing model: model_ep20_rew-237.19.zip
Episode 100 | Eval Reward: -146.14
--> Saved new top model: model_ep100_rew-146.14.zip
--> Removed lower performing model: model_ep60_rew-176.39.zip
Episode 120 | Eval Reward: -141.24
--> Saved new top model: model_ep120_rew-141.24.zip
--> Removed lower performing model: model_ep80_rew-160.64.zip
Episode 140 | Eval Reward: -191.69
Episode 160 | Eval Reward: -184.16
Episode 180 | Eval Reward: -179.28
Episode 200 | Eval Reward: -241.63
Episode 220 | Eval Reward: -194.57
Episode 240 | Eval Reward: -231.01
Episode 260 | Eval Reward: -148.90
Episode 280 | Eval Reward: -156.70
Episode 300 | Eval Reward: -186.00
Episode 320 | Eval Reward: -183.89
Episode 340 | Eval Reward: -198.80
Episode 360 | Eval Reward: -179.33
Episode 380 | Eval Reward: -41.09
--> Saved new top model: model_ep380_rew-41.09.zip
--> Removed lower performing model: model_ep100_rew-146.14.zip
Episode 400 | Eval Reward: -25.62
--> Saved new top model: model_ep400_rew-25.62.zip
--> Removed lower performing model: model_ep120_rew-141.24.zip
Episode 420 | Eval Reward: 5.98
--> Saved new top model: model_ep420_rew5.98.zip
--> Removed lower performing model: model_ep40_rew-125.15.zip
Episode 440 | Eval Reward: 104.21
--> Saved new top model: model_ep440_rew104.21.zip
--> Removed lower performing model: model_ep380_rew-41.09.zip
Episode 460 | Eval Reward: 113.68
--> Saved new top model: model_ep460_rew113.68.zip
--> Removed lower performing model: model_ep400_rew-25.62.zip
Episode 480 | Eval Reward: 115.46
--> Saved new top model: model_ep480_rew115.46.zip
--> Removed lower performing model: model_ep420_rew5.98.zip
Episode 500 | Eval Reward: 142.81
--> Saved new top model: model_ep500_rew142.81.zip
--> Removed lower performing model: model_ep440_rew104.21.zip
Episode 520 | Eval Reward: 110.35
Episode 540 | Eval Reward: 136.77
--> Saved new top model: model_ep540_rew136.77.zip
--> Removed lower performing model: model_ep460_rew113.68.zip
Episode 560 | Eval Reward: 141.61
--> Saved new top model: model_ep560_rew141.61.zip
--> Removed lower performing model: model_ep480_rew115.46.zip
Episode 580 | Eval Reward: 180.32
--> Saved new top model: model_ep580_rew180.32.zip
--> Removed lower performing model: model_ep540_rew136.77.zip
Episode 600 | Eval Reward: 137.57
Episode 620 | Eval Reward: 135.58
Episode 640 | Eval Reward: 128.21
Episode 660 | Eval Reward: 166.24
--> Saved new top model: model_ep660_rew166.24.zip
--> Removed lower performing model: model_ep560_rew141.61.zip
Episode 680 | Eval Reward: 209.49
--> Saved new top model: model_ep680_rew209.49.zip
--> Removed lower performing model: model_ep500_rew142.81.zip
Episode 700 | Eval Reward: 178.43
--> Saved new top model: model_ep700_rew178.43.zip
--> Removed lower performing model: model_ep660_rew166.24.zip
Episode 720 | Eval Reward: 215.77
--> Saved new top model: model_ep720_rew215.77.zip
--> Removed lower performing model: model_ep700_rew178.43.zip
Episode 740 | Eval Reward: 188.58
--> Saved new top model: model_ep740_rew188.58.zip
--> Removed lower performing model: model_ep580_rew180.32.zip
Episode 760 | Eval Reward: 199.95
--> Saved new top model: model_ep760_rew199.95.zip
--> Removed lower performing model: model_ep740_rew188.58.zip
Episode 780 | Eval Reward: 214.82
--> Saved new top model: model_ep780_rew214.82.zip
--> Removed lower performing model: model_ep760_rew199.95.zip
Episode 800 | Eval Reward: 245.83
--> Saved new top model: model_ep800_rew245.83.zip
--> Removed lower performing model: model_ep680_rew209.49.zip
Episode 820 | Eval Reward: 194.47
Episode 840 | Eval Reward: 131.44
Episode 860 | Eval Reward: 157.07
Episode 880 | Eval Reward: 217.79
--> Saved new top model: model_ep880_rew217.79.zip
--> Removed lower performing model: model_ep780_rew214.82.zip
Episode 900 | Eval Reward: 150.22
Episode 920 | Eval Reward: 199.13
Episode 940 | Eval Reward: 222.56
--> Saved new top model: model_ep940_rew222.56.zip
--> Removed lower performing model: model_ep720_rew215.77.zip
Episode 960 | Eval Reward: 204.07
Episode 980 | Eval Reward: 170.71
Episode 1000 | Eval Reward: 246.23
--> Saved new top model: model_ep1000_rew246.23.zip
--> Removed lower performing model: model_ep880_rew217.79.zip

Plot successfully saved to results/plots/Performance_lr0.0003_g0.99_gae0.95_clip0.1_arch64_64.png
--- Training Completed for lr0.0003_g0.99_gae0.95_clip0.1_arch64_64 ---
All experiments finished! Check the 'results' folder for saved models, plots, and logs.
Starting Hyperparameter Tuning Experiments...
Running Experiment 1: Baseline
--- Starting SB3 PPO Training on LunarLander-v3 ---
Hyperparameters: lr0.0003_g0.99_gae0.95_clip0.2_arch64_64
Training in progress. Please wait...
/home/zhanghan/anaconda3/envs/script/lib/python3.12/site-packages/stable_baselines3/common/evaluation.py:70: UserWarning: Evaluation environment is not wrapped with a ``Monitor`` wrapper. This may result in reporting modified episode lengths and rewards, if other wrappers happen to modify these. Consider wrapping environment first with ``Monitor`` wrapper.
  warnings.warn(
Episode 20 | Eval Reward: -235.10
--> Saved new top model: model_ep20_rew-235.10.zip
/home/zhanghan/anaconda3/envs/script/lib/python3.12/site-packages/stable_baselines3/common/evaluation.py:70: UserWarning: Evaluation environment is not wrapped with a ``Monitor`` wrapper. This may result in reporting modified episode lengths and rewards, if other wrappers happen to modify these. Consider wrapping environment first with ``Monitor`` wrapper.
  warnings.warn(
Episode 40 | Eval Reward: -311.96
--> Saved new top model: model_ep40_rew-311.96.zip
Episode 60 | Eval Reward: -325.98
--> Saved new top model: model_ep60_rew-325.98.zip
Episode 80 | Eval Reward: -246.28
--> Saved new top model: model_ep80_rew-246.28.zip
--> Removed lower performing model: model_ep60_rew-325.98.zip
Episode 100 | Eval Reward: -201.87
--> Saved new top model: model_ep100_rew-201.87.zip
--> Removed lower performing model: model_ep40_rew-311.96.zip
Episode 120 | Eval Reward: -240.67
--> Saved new top model: model_ep120_rew-240.67.zip
--> Removed lower performing model: model_ep80_rew-246.28.zip
Episode 140 | Eval Reward: -232.79
--> Saved new top model: model_ep140_rew-232.79.zip
--> Removed lower performing model: model_ep120_rew-240.67.zip
Episode 160 | Eval Reward: -299.28
Episode 180 | Eval Reward: -303.31
Episode 200 | Eval Reward: -197.33
--> Saved new top model: model_ep200_rew-197.33.zip
--> Removed lower performing model: model_ep20_rew-235.10.zip
Episode 220 | Eval Reward: -160.40
--> Saved new top model: model_ep220_rew-160.40.zip
--> Removed lower performing model: model_ep140_rew-232.79.zip
Episode 240 | Eval Reward: -187.51
--> Saved new top model: model_ep240_rew-187.51.zip
--> Removed lower performing model: model_ep100_rew-201.87.zip
Episode 260 | Eval Reward: -250.07
Episode 280 | Eval Reward: -245.45
Episode 300 | Eval Reward: -213.81
Episode 320 | Eval Reward: -268.37
Episode 340 | Eval Reward: -76.48
--> Saved new top model: model_ep340_rew-76.48.zip
--> Removed lower performing model: model_ep200_rew-197.33.zip
Episode 360 | Eval Reward: 109.55
--> Saved new top model: model_ep360_rew109.55.zip
--> Removed lower performing model: model_ep240_rew-187.51.zip
Episode 380 | Eval Reward: 95.56
--> Saved new top model: model_ep380_rew95.56.zip
--> Removed lower performing model: model_ep220_rew-160.40.zip
Episode 400 | Eval Reward: 79.39
--> Saved new top model: model_ep400_rew79.39.zip
--> Removed lower performing model: model_ep340_rew-76.48.zip
Episode 420 | Eval Reward: 128.10
--> Saved new top model: model_ep420_rew128.10.zip
--> Removed lower performing model: model_ep400_rew79.39.zip
Episode 440 | Eval Reward: 68.83
Episode 460 | Eval Reward: 154.51
--> Saved new top model: model_ep460_rew154.51.zip
--> Removed lower performing model: model_ep380_rew95.56.zip
Episode 480 | Eval Reward: 124.63
--> Saved new top model: model_ep480_rew124.63.zip
--> Removed lower performing model: model_ep360_rew109.55.zip
Episode 500 | Eval Reward: 188.83
--> Saved new top model: model_ep500_rew188.83.zip
--> Removed lower performing model: model_ep480_rew124.63.zip
Episode 520 | Eval Reward: 199.37
--> Saved new top model: model_ep520_rew199.37.zip
--> Removed lower performing model: model_ep420_rew128.10.zip
Episode 540 | Eval Reward: 132.29
Episode 560 | Eval Reward: 158.14
--> Saved new top model: model_ep560_rew158.14.zip
--> Removed lower performing model: model_ep460_rew154.51.zip
Episode 580 | Eval Reward: 192.59
--> Saved new top model: model_ep580_rew192.59.zip
--> Removed lower performing model: model_ep560_rew158.14.zip
Episode 600 | Eval Reward: 175.08
Episode 620 | Eval Reward: 138.23
Episode 640 | Eval Reward: 159.67
Episode 660 | Eval Reward: 149.83
Episode 680 | Eval Reward: 172.09
Episode 700 | Eval Reward: 150.88
Episode 720 | Eval Reward: 120.66
Episode 740 | Eval Reward: 203.69
--> Saved new top model: model_ep740_rew203.69.zip
--> Removed lower performing model: model_ep500_rew188.83.zip
Episode 760 | Eval Reward: 200.14
--> Saved new top model: model_ep760_rew200.14.zip
--> Removed lower performing model: model_ep580_rew192.59.zip
Episode 780 | Eval Reward: 172.84
Episode 800 | Eval Reward: 180.79
Episode 820 | Eval Reward: 194.63
Episode 840 | Eval Reward: 135.65
Episode 860 | Eval Reward: 125.04
Episode 880 | Eval Reward: 148.85
Episode 900 | Eval Reward: 178.64
Episode 920 | Eval Reward: 196.11
Episode 940 | Eval Reward: 177.33
Episode 960 | Eval Reward: 113.12
Episode 980 | Eval Reward: 159.50
Episode 1000 | Eval Reward: 140.41
Episode 1020 | Eval Reward: 129.61
Episode 1040 | Eval Reward: 136.43
Episode 1060 | Eval Reward: 116.68
Episode 1080 | Eval Reward: 120.96
Episode 1100 | Eval Reward: 126.78
Episode 1120 | Eval Reward: 143.82
Episode 1140 | Eval Reward: 178.92
Episode 1160 | Eval Reward: 87.98
Episode 1180 | Eval Reward: 93.05
Episode 1200 | Eval Reward: 172.00
Episode 1220 | Eval Reward: 115.61
Episode 1240 | Eval Reward: 168.30
Episode 1260 | Eval Reward: 129.81
Episode 1280 | Eval Reward: 82.61
Episode 1300 | Eval Reward: 169.76
Episode 1320 | Eval Reward: 156.51
Episode 1340 | Eval Reward: 99.87
Episode 1360 | Eval Reward: 100.58
Episode 1380 | Eval Reward: 165.67
Episode 1400 | Eval Reward: 83.97
Episode 1420 | Eval Reward: 137.11
Episode 1440 | Eval Reward: 154.17
Episode 1460 | Eval Reward: 151.71
Episode 1480 | Eval Reward: 120.06
Episode 1500 | Eval Reward: 129.19
Episode 1520 | Eval Reward: 104.03
Episode 1540 | Eval Reward: 108.16
Episode 1560 | Eval Reward: 123.46
Episode 1580 | Eval Reward: 136.35
Episode 1600 | Eval Reward: 150.88
Episode 1620 | Eval Reward: 176.96
Episode 1640 | Eval Reward: 55.94
Episode 1660 | Eval Reward: 135.47
Episode 1680 | Eval Reward: 135.19
Episode 1700 | Eval Reward: 192.43
Episode 1720 | Eval Reward: 187.35
Episode 1740 | Eval Reward: 192.15
Episode 1760 | Eval Reward: 166.94
Episode 1780 | Eval Reward: 149.08
Episode 1800 | Eval Reward: 153.67
Episode 1820 | Eval Reward: 146.88
Episode 1840 | Eval Reward: 171.11
Episode 1860 | Eval Reward: 125.84
Episode 1880 | Eval Reward: 166.98
Episode 1900 | Eval Reward: 208.80
--> Saved new top model: model_ep1900_rew208.80.zip
--> Removed lower performing model: model_ep520_rew199.37.zip
Episode 1920 | Eval Reward: 120.37
Episode 1940 | Eval Reward: 126.84
Episode 1960 | Eval Reward: 133.02
Episode 1980 | Eval Reward: 170.07
Episode 2000 | Eval Reward: 159.22
Episode 2020 | Eval Reward: 153.90
Episode 2040 | Eval Reward: 130.66
Episode 2060 | Eval Reward: 118.92
Episode 2080 | Eval Reward: 176.32
Episode 2100 | Eval Reward: 221.03
--> Saved new top model: model_ep2100_rew221.03.zip
--> Removed lower performing model: model_ep760_rew200.14.zip
Episode 2120 | Eval Reward: 167.04
Episode 2140 | Eval Reward: 125.10
Episode 2160 | Eval Reward: 170.57
Episode 2180 | Eval Reward: 154.99
Episode 2200 | Eval Reward: 179.11
Episode 2220 | Eval Reward: 147.35
Episode 2240 | Eval Reward: 153.18
Episode 2260 | Eval Reward: 150.48
Episode 2280 | Eval Reward: 101.42
Episode 2300 | Eval Reward: 126.19
Episode 2320 | Eval Reward: 197.43
Episode 2340 | Eval Reward: 198.73
Episode 2360 | Eval Reward: 237.72
--> Saved new top model: model_ep2360_rew237.72.zip
--> Removed lower performing model: model_ep740_rew203.69.zip
Episode 2380 | Eval Reward: 103.95
Episode 2400 | Eval Reward: 126.72
Episode 2420 | Eval Reward: 150.18
Episode 2440 | Eval Reward: 159.84
Episode 2460 | Eval Reward: 216.58
--> Saved new top model: model_ep2460_rew216.58.zip
--> Removed lower performing model: model_ep1900_rew208.80.zip
Episode 2480 | Eval Reward: 185.51
Episode 2500 | Eval Reward: 209.80
Episode 2520 | Eval Reward: 172.53

Plot successfully saved to results/plots/Performance_lr0.0003_g0.99_gae0.95_clip0.2_arch64_64.png
--- Training Completed for lr0.0003_g0.99_gae0.95_clip0.2_arch64_64 ---
Running Experiment 2: Higher Learning Rate
--- Starting SB3 PPO Training on LunarLander-v3 ---
Hyperparameters: lr0.001_g0.99_gae0.95_clip0.2_arch64_64
Training in progress. Please wait...
/home/zhanghan/anaconda3/envs/script/lib/python3.12/site-packages/stable_baselines3/common/evaluation.py:70: UserWarning: Evaluation environment is not wrapped with a ``Monitor`` wrapper. This may result in reporting modified episode lengths and rewards, if other wrappers happen to modify these. Consider wrapping environment first with ``Monitor`` wrapper.
  warnings.warn(
Episode 20 | Eval Reward: -224.23
--> Saved new top model: model_ep20_rew-224.23.zip
/home/zhanghan/anaconda3/envs/script/lib/python3.12/site-packages/stable_baselines3/common/evaluation.py:70: UserWarning: Evaluation environment is not wrapped with a ``Monitor`` wrapper. This may result in reporting modified episode lengths and rewards, if other wrappers happen to modify these. Consider wrapping environment first with ``Monitor`` wrapper.
  warnings.warn(
Episode 40 | Eval Reward: -167.29
--> Saved new top model: model_ep40_rew-167.29.zip
Episode 60 | Eval Reward: -123.06
--> Saved new top model: model_ep60_rew-123.06.zip
Episode 80 | Eval Reward: -121.40
--> Saved new top model: model_ep80_rew-121.40.zip
--> Removed lower performing model: model_ep20_rew-224.23.zip
Episode 100 | Eval Reward: -126.98
--> Saved new top model: model_ep100_rew-126.98.zip
--> Removed lower performing model: model_ep40_rew-167.29.zip
Episode 120 | Eval Reward: -210.54
Episode 140 | Eval Reward: -153.42
Episode 160 | Eval Reward: -56.05
--> Saved new top model: model_ep160_rew-56.05.zip
--> Removed lower performing model: model_ep100_rew-126.98.zip
Episode 180 | Eval Reward: 13.78
--> Saved new top model: model_ep180_rew13.78.zip
--> Removed lower performing model: model_ep60_rew-123.06.zip
Episode 200 | Eval Reward: -148.71
Episode 220 | Eval Reward: 220.34
--> Saved new top model: model_ep220_rew220.34.zip
--> Removed lower performing model: model_ep80_rew-121.40.zip
Episode 240 | Eval Reward: 37.53
--> Saved new top model: model_ep240_rew37.53.zip
--> Removed lower performing model: model_ep160_rew-56.05.zip
Episode 260 | Eval Reward: 6.33
Episode 280 | Eval Reward: 84.47
--> Saved new top model: model_ep280_rew84.47.zip
--> Removed lower performing model: model_ep180_rew13.78.zip
Episode 300 | Eval Reward: 146.39
--> Saved new top model: model_ep300_rew146.39.zip
--> Removed lower performing model: model_ep240_rew37.53.zip
Episode 320 | Eval Reward: 133.49
--> Saved new top model: model_ep320_rew133.49.zip
--> Removed lower performing model: model_ep280_rew84.47.zip
Episode 340 | Eval Reward: 206.13
--> Saved new top model: model_ep340_rew206.13.zip
--> Removed lower performing model: model_ep320_rew133.49.zip
Episode 360 | Eval Reward: 5.46
Episode 380 | Eval Reward: 14.38
Episode 400 | Eval Reward: -3.83
Episode 420 | Eval Reward: 72.99
Episode 440 | Eval Reward: 151.77
--> Saved new top model: model_ep440_rew151.77.zip
--> Removed lower performing model: model_ep300_rew146.39.zip
Episode 460 | Eval Reward: 164.85
--> Saved new top model: model_ep460_rew164.85.zip
--> Removed lower performing model: model_ep440_rew151.77.zip
Episode 480 | Eval Reward: 118.21
Episode 500 | Eval Reward: 111.38
Episode 520 | Eval Reward: 67.86
Episode 540 | Eval Reward: 157.07
Episode 560 | Eval Reward: 207.83
--> Saved new top model: model_ep560_rew207.83.zip
--> Removed lower performing model: model_ep460_rew164.85.zip
Episode 580 | Eval Reward: 160.49
Episode 600 | Eval Reward: 98.95
Episode 620 | Eval Reward: 210.28
--> Saved new top model: model_ep620_rew210.28.zip
--> Removed lower performing model: model_ep340_rew206.13.zip
Episode 640 | Eval Reward: 140.91
Episode 660 | Eval Reward: 195.91
Episode 680 | Eval Reward: 79.27
Episode 700 | Eval Reward: 78.17
Episode 720 | Eval Reward: 152.16
Episode 740 | Eval Reward: 104.05
Episode 760 | Eval Reward: 161.63
Episode 780 | Eval Reward: 112.23
Episode 800 | Eval Reward: 218.06
--> Saved new top model: model_ep800_rew218.06.zip
--> Removed lower performing model: model_ep560_rew207.83.zip
Episode 820 | Eval Reward: 145.24
Episode 840 | Eval Reward: 180.39
Episode 860 | Eval Reward: 183.84
Episode 880 | Eval Reward: 180.70
Episode 900 | Eval Reward: 204.00
Episode 920 | Eval Reward: 142.67
Episode 940 | Eval Reward: 130.58
Episode 960 | Eval Reward: 93.40
Episode 980 | Eval Reward: 179.88
Episode 1000 | Eval Reward: 147.28
Episode 1020 | Eval Reward: 167.60
Episode 1040 | Eval Reward: 152.47
Episode 1060 | Eval Reward: 193.20
Episode 1080 | Eval Reward: 198.84
Episode 1100 | Eval Reward: 190.85
Episode 1120 | Eval Reward: 196.71
Episode 1140 | Eval Reward: 183.13
Episode 1160 | Eval Reward: 202.43
Episode 1180 | Eval Reward: 130.77
Episode 1200 | Eval Reward: 185.41
Episode 1220 | Eval Reward: 166.23
Episode 1240 | Eval Reward: 203.21
Episode 1260 | Eval Reward: 133.09
Episode 1280 | Eval Reward: 130.36
Episode 1300 | Eval Reward: 107.44
Episode 1320 | Eval Reward: 185.63
Episode 1340 | Eval Reward: 113.37
Episode 1360 | Eval Reward: 116.75
Episode 1380 | Eval Reward: 123.00
Episode 1400 | Eval Reward: 188.22
Episode 1420 | Eval Reward: 59.91
Episode 1440 | Eval Reward: 114.51
Episode 1460 | Eval Reward: 141.65
Episode 1480 | Eval Reward: 83.83
Episode 1500 | Eval Reward: 92.66
Episode 1520 | Eval Reward: 58.21
Episode 1540 | Eval Reward: 139.01
Episode 1560 | Eval Reward: 113.89
Episode 1580 | Eval Reward: 159.32
Episode 1600 | Eval Reward: 196.02
Episode 1620 | Eval Reward: 181.01
Episode 1640 | Eval Reward: 80.05
Episode 1660 | Eval Reward: 166.20
Episode 1680 | Eval Reward: 103.81
Episode 1700 | Eval Reward: 150.91
Episode 1720 | Eval Reward: 190.45
Episode 1740 | Eval Reward: 74.79
Episode 1760 | Eval Reward: 199.57
Episode 1780 | Eval Reward: 186.33
Episode 1800 | Eval Reward: 224.32
--> Saved new top model: model_ep1800_rew224.32.zip
--> Removed lower performing model: model_ep620_rew210.28.zip
Episode 1820 | Eval Reward: 119.66
Episode 1840 | Eval Reward: 154.34
Episode 1860 | Eval Reward: 181.42
Episode 1880 | Eval Reward: 116.87
Episode 1900 | Eval Reward: 84.08
Episode 1920 | Eval Reward: 181.66
Episode 1940 | Eval Reward: 109.22
Episode 1960 | Eval Reward: 58.66
Episode 1980 | Eval Reward: 35.71
Episode 2000 | Eval Reward: 222.77
--> Saved new top model: model_ep2000_rew222.77.zip
--> Removed lower performing model: model_ep800_rew218.06.zip
Episode 2020 | Eval Reward: 110.09
Episode 2040 | Eval Reward: 168.20
Episode 2060 | Eval Reward: 202.49
Episode 2080 | Eval Reward: 36.07
Episode 2100 | Eval Reward: 189.81
Episode 2120 | Eval Reward: 198.29
Episode 2140 | Eval Reward: 198.96
Episode 2160 | Eval Reward: 150.81
Episode 2180 | Eval Reward: 182.11
Episode 2200 | Eval Reward: 186.77
Episode 2220 | Eval Reward: 201.62
Episode 2240 | Eval Reward: 185.66
Episode 2260 | Eval Reward: 211.03
Episode 2280 | Eval Reward: 203.96
Episode 2300 | Eval Reward: 275.53
--> Saved new top model: model_ep2300_rew275.53.zip
--> Removed lower performing model: model_ep220_rew220.34.zip
Episode 2320 | Eval Reward: 73.14
Episode 2340 | Eval Reward: 149.01
Episode 2360 | Eval Reward: 218.99
Episode 2380 | Eval Reward: 246.03
--> Saved new top model: model_ep2380_rew246.03.zip
--> Removed lower performing model: model_ep2000_rew222.77.zip
Episode 2400 | Eval Reward: 213.33
Episode 2420 | Eval Reward: 184.40
Episode 2440 | Eval Reward: 237.52
--> Saved new top model: model_ep2440_rew237.52.zip
--> Removed lower performing model: model_ep1800_rew224.32.zip
Episode 2460 | Eval Reward: 104.32
Episode 2480 | Eval Reward: 201.94
Episode 2500 | Eval Reward: 165.85
Episode 2520 | Eval Reward: 231.90
Episode 2540 | Eval Reward: 129.02
Episode 2560 | Eval Reward: 190.60
Episode 2580 | Eval Reward: 97.37
Episode 2600 | Eval Reward: 171.45
Episode 2620 | Eval Reward: 216.01
Episode 2640 | Eval Reward: 157.67
Episode 2660 | Eval Reward: 224.01
Episode 2680 | Eval Reward: 223.10
Episode 2700 | Eval Reward: 230.89
Episode 2720 | Eval Reward: 151.05
Episode 2740 | Eval Reward: 154.26
Episode 2760 | Eval Reward: 136.03
Episode 2780 | Eval Reward: 174.64
Episode 2800 | Eval Reward: 157.85
Episode 2820 | Eval Reward: 157.44

Plot successfully saved to results/plots/Performance_lr0.001_g0.99_gae0.95_clip0.2_arch64_64.png
--- Training Completed for lr0.001_g0.99_gae0.95_clip0.2_arch64_64 ---
Running Experiment 3: Higher Gamma (focus on long-term reward)
--- Starting SB3 PPO Training on LunarLander-v3 ---
Hyperparameters: lr0.0003_g0.999_gae0.95_clip0.2_arch64_64
Training in progress. Please wait...
/home/zhanghan/anaconda3/envs/script/lib/python3.12/site-packages/stable_baselines3/common/evaluation.py:70: UserWarning: Evaluation environment is not wrapped with a ``Monitor`` wrapper. This may result in reporting modified episode lengths and rewards, if other wrappers happen to modify these. Consider wrapping environment first with ``Monitor`` wrapper.
  warnings.warn(
Episode 20 | Eval Reward: -203.36
--> Saved new top model: model_ep20_rew-203.36.zip
/home/zhanghan/anaconda3/envs/script/lib/python3.12/site-packages/stable_baselines3/common/evaluation.py:70: UserWarning: Evaluation environment is not wrapped with a ``Monitor`` wrapper. This may result in reporting modified episode lengths and rewards, if other wrappers happen to modify these. Consider wrapping environment first with ``Monitor`` wrapper.
  warnings.warn(
Episode 40 | Eval Reward: -185.16
--> Saved new top model: model_ep40_rew-185.16.zip
Episode 60 | Eval Reward: -92.52
--> Saved new top model: model_ep60_rew-92.52.zip
Episode 80 | Eval Reward: -75.40
--> Saved new top model: model_ep80_rew-75.40.zip
--> Removed lower performing model: model_ep20_rew-203.36.zip
Episode 100 | Eval Reward: -90.16
--> Saved new top model: model_ep100_rew-90.16.zip
--> Removed lower performing model: model_ep40_rew-185.16.zip
Episode 120 | Eval Reward: -227.39
Episode 140 | Eval Reward: -103.00
Episode 160 | Eval Reward: -194.69
Episode 180 | Eval Reward: -179.30
Episode 200 | Eval Reward: -148.29
Episode 220 | Eval Reward: -22.41
--> Saved new top model: model_ep220_rew-22.41.zip
--> Removed lower performing model: model_ep60_rew-92.52.zip
Episode 240 | Eval Reward: -66.82
--> Saved new top model: model_ep240_rew-66.82.zip
--> Removed lower performing model: model_ep100_rew-90.16.zip
Episode 260 | Eval Reward: -65.99
--> Saved new top model: model_ep260_rew-65.99.zip
--> Removed lower performing model: model_ep80_rew-75.40.zip
Episode 280 | Eval Reward: 49.64
--> Saved new top model: model_ep280_rew49.64.zip
--> Removed lower performing model: model_ep240_rew-66.82.zip
Episode 300 | Eval Reward: -35.26
--> Saved new top model: model_ep300_rew-35.26.zip
--> Removed lower performing model: model_ep260_rew-65.99.zip
Episode 320 | Eval Reward: 77.66
--> Saved new top model: model_ep320_rew77.66.zip
--> Removed lower performing model: model_ep300_rew-35.26.zip
Episode 340 | Eval Reward: 17.02
--> Saved new top model: model_ep340_rew17.02.zip
--> Removed lower performing model: model_ep220_rew-22.41.zip
Episode 360 | Eval Reward: 162.27
--> Saved new top model: model_ep360_rew162.27.zip
--> Removed lower performing model: model_ep340_rew17.02.zip
Episode 380 | Eval Reward: 198.29
--> Saved new top model: model_ep380_rew198.29.zip
--> Removed lower performing model: model_ep280_rew49.64.zip
Episode 400 | Eval Reward: 223.97
--> Saved new top model: model_ep400_rew223.97.zip
--> Removed lower performing model: model_ep320_rew77.66.zip
Episode 420 | Eval Reward: 60.32
Episode 440 | Eval Reward: 153.86
Episode 460 | Eval Reward: 128.13
Episode 480 | Eval Reward: 75.32
Episode 500 | Eval Reward: 39.27
Episode 520 | Eval Reward: 161.63
Episode 540 | Eval Reward: 136.84
Episode 560 | Eval Reward: 206.47
--> Saved new top model: model_ep560_rew206.47.zip
--> Removed lower performing model: model_ep360_rew162.27.zip
Episode 580 | Eval Reward: 105.06
Episode 600 | Eval Reward: 167.68
Episode 620 | Eval Reward: 123.27
Episode 640 | Eval Reward: 190.39
Episode 660 | Eval Reward: 156.24
Episode 680 | Eval Reward: 139.76
Episode 700 | Eval Reward: 92.81
Episode 720 | Eval Reward: 42.21
Episode 740 | Eval Reward: -26.12
Episode 760 | Eval Reward: -35.26
Episode 780 | Eval Reward: 16.32
Episode 800 | Eval Reward: 27.46
Episode 820 | Eval Reward: 2.49
Episode 840 | Eval Reward: 26.61
Episode 860 | Eval Reward: 46.89
Episode 880 | Eval Reward: 81.90
Episode 900 | Eval Reward: 127.96
Episode 920 | Eval Reward: 29.16
Episode 940 | Eval Reward: 110.86
Episode 960 | Eval Reward: 192.63
Episode 980 | Eval Reward: 205.65
--> Saved new top model: model_ep980_rew205.65.zip
--> Removed lower performing model: model_ep380_rew198.29.zip
Episode 1000 | Eval Reward: 180.85
Episode 1020 | Eval Reward: 168.93
Episode 1040 | Eval Reward: 177.61
Episode 1060 | Eval Reward: 194.95
Episode 1080 | Eval Reward: 85.05
Episode 1100 | Eval Reward: 194.64
Episode 1120 | Eval Reward: 181.31
Episode 1140 | Eval Reward: 176.13
Episode 1160 | Eval Reward: 201.60
Episode 1180 | Eval Reward: 232.88
--> Saved new top model: model_ep1180_rew232.88.zip
--> Removed lower performing model: model_ep980_rew205.65.zip
Episode 1200 | Eval Reward: 231.58
--> Saved new top model: model_ep1200_rew231.58.zip
--> Removed lower performing model: model_ep560_rew206.47.zip
Episode 1220 | Eval Reward: 234.09
--> Saved new top model: model_ep1220_rew234.09.zip
--> Removed lower performing model: model_ep400_rew223.97.zip
Episode 1240 | Eval Reward: 235.72
--> Saved new top model: model_ep1240_rew235.72.zip
--> Removed lower performing model: model_ep1200_rew231.58.zip
Episode 1260 | Eval Reward: 215.93
Episode 1280 | Eval Reward: 231.89
Episode 1300 | Eval Reward: 222.39
Episode 1320 | Eval Reward: 214.95
Episode 1340 | Eval Reward: 223.22
Episode 1360 | Eval Reward: 204.90
Episode 1380 | Eval Reward: 236.60
--> Saved new top model: model_ep1380_rew236.60.zip
--> Removed lower performing model: model_ep1180_rew232.88.zip
Episode 1400 | Eval Reward: 238.85
--> Saved new top model: model_ep1400_rew238.85.zip
--> Removed lower performing model: model_ep1220_rew234.09.zip
Episode 1420 | Eval Reward: 248.15
--> Saved new top model: model_ep1420_rew248.15.zip
--> Removed lower performing model: model_ep1240_rew235.72.zip
Episode 1440 | Eval Reward: 245.57
--> Saved new top model: model_ep1440_rew245.57.zip
--> Removed lower performing model: model_ep1380_rew236.60.zip
Episode 1460 | Eval Reward: 228.05
Episode 1480 | Eval Reward: 230.92
Episode 1500 | Eval Reward: 203.12
Episode 1520 | Eval Reward: 212.03
Episode 1540 | Eval Reward: 240.07
--> Saved new top model: model_ep1540_rew240.07.zip
--> Removed lower performing model: model_ep1400_rew238.85.zip
Episode 1560 | Eval Reward: 229.05
Episode 1580 | Eval Reward: 217.33
Episode 1600 | Eval Reward: 204.62
Episode 1620 | Eval Reward: 238.39
Episode 1640 | Eval Reward: 241.89
--> Saved new top model: model_ep1640_rew241.89.zip
--> Removed lower performing model: model_ep1540_rew240.07.zip
Episode 1660 | Eval Reward: 237.54
Episode 1680 | Eval Reward: 229.50
Episode 1700 | Eval Reward: 233.09
Episode 1720 | Eval Reward: 223.76
Episode 1740 | Eval Reward: 236.06
Episode 1760 | Eval Reward: 210.56
Episode 1780 | Eval Reward: 208.07
Episode 1800 | Eval Reward: 243.72
--> Saved new top model: model_ep1800_rew243.72.zip
--> Removed lower performing model: model_ep1640_rew241.89.zip
Episode 1820 | Eval Reward: 214.27
Episode 1840 | Eval Reward: 201.99
Episode 1860 | Eval Reward: 244.00
--> Saved new top model: model_ep1860_rew244.00.zip
--> Removed lower performing model: model_ep1800_rew243.72.zip
Episode 1880 | Eval Reward: 206.52
Episode 1900 | Eval Reward: 216.89
Episode 1920 | Eval Reward: 230.65
Episode 1940 | Eval Reward: 210.07
Episode 1960 | Eval Reward: 208.73
Episode 1980 | Eval Reward: 198.41
Episode 2000 | Eval Reward: 191.45
Episode 2020 | Eval Reward: 236.35
Episode 2040 | Eval Reward: 249.04
--> Saved new top model: model_ep2040_rew249.04.zip
--> Removed lower performing model: model_ep1860_rew244.00.zip
Episode 2060 | Eval Reward: 244.80
Episode 2080 | Eval Reward: 245.31
Episode 2100 | Eval Reward: 250.98
--> Saved new top model: model_ep2100_rew250.98.zip
--> Removed lower performing model: model_ep1440_rew245.57.zip
Episode 2120 | Eval Reward: 256.01
--> Saved new top model: model_ep2120_rew256.01.zip
--> Removed lower performing model: model_ep1420_rew248.15.zip
Episode 2140 | Eval Reward: 252.59
--> Saved new top model: model_ep2140_rew252.59.zip
--> Removed lower performing model: model_ep2040_rew249.04.zip
Episode 2160 | Eval Reward: 257.95
--> Saved new top model: model_ep2160_rew257.95.zip
--> Removed lower performing model: model_ep2100_rew250.98.zip
Episode 2180 | Eval Reward: 254.79
--> Saved new top model: model_ep2180_rew254.79.zip
--> Removed lower performing model: model_ep2140_rew252.59.zip
Episode 2200 | Eval Reward: 237.81
Episode 2220 | Eval Reward: 263.34
--> Saved new top model: model_ep2220_rew263.34.zip
--> Removed lower performing model: model_ep2180_rew254.79.zip
Episode 2240 | Eval Reward: 264.37
--> Saved new top model: model_ep2240_rew264.37.zip
--> Removed lower performing model: model_ep2120_rew256.01.zip
Episode 2260 | Eval Reward: 252.21
Episode 2280 | Eval Reward: 220.58

Plot successfully saved to results/plots/Performance_lr0.0003_g0.999_gae0.95_clip0.2_arch64_64.png
--- Training Completed for lr0.0003_g0.999_gae0.95_clip0.2_arch64_64 ---
Running Experiment 4: Wider Network Architecture (128 128)
--- Starting SB3 PPO Training on LunarLander-v3 ---
Hyperparameters: lr0.0003_g0.99_gae0.95_clip0.2_arch128_128
Training in progress. Please wait...
/home/zhanghan/anaconda3/envs/script/lib/python3.12/site-packages/stable_baselines3/common/evaluation.py:70: UserWarning: Evaluation environment is not wrapped with a ``Monitor`` wrapper. This may result in reporting modified episode lengths and rewards, if other wrappers happen to modify these. Consider wrapping environment first with ``Monitor`` wrapper.
  warnings.warn(
Episode 20 | Eval Reward: -174.90
--> Saved new top model: model_ep20_rew-174.90.zip
/home/zhanghan/anaconda3/envs/script/lib/python3.12/site-packages/stable_baselines3/common/evaluation.py:70: UserWarning: Evaluation environment is not wrapped with a ``Monitor`` wrapper. This may result in reporting modified episode lengths and rewards, if other wrappers happen to modify these. Consider wrapping environment first with ``Monitor`` wrapper.
  warnings.warn(
Episode 40 | Eval Reward: -111.26
--> Saved new top model: model_ep40_rew-111.26.zip
Episode 60 | Eval Reward: -115.64
--> Saved new top model: model_ep60_rew-115.64.zip
Episode 80 | Eval Reward: -176.81
Episode 100 | Eval Reward: -209.36
Episode 120 | Eval Reward: -232.71
Episode 140 | Eval Reward: -201.17
Episode 160 | Eval Reward: -116.92
--> Saved new top model: model_ep160_rew-116.92.zip
--> Removed lower performing model: model_ep20_rew-174.90.zip
Episode 180 | Eval Reward: -188.26
Episode 200 | Eval Reward: -172.18
Episode 220 | Eval Reward: -123.34
Episode 240 | Eval Reward: -37.38
--> Saved new top model: model_ep240_rew-37.38.zip
--> Removed lower performing model: model_ep160_rew-116.92.zip
Episode 260 | Eval Reward: -116.31
Episode 280 | Eval Reward: 77.38
--> Saved new top model: model_ep280_rew77.38.zip
--> Removed lower performing model: model_ep60_rew-115.64.zip
Episode 300 | Eval Reward: 12.96
--> Saved new top model: model_ep300_rew12.96.zip
--> Removed lower performing model: model_ep40_rew-111.26.zip
Episode 320 | Eval Reward: 110.17
--> Saved new top model: model_ep320_rew110.17.zip
--> Removed lower performing model: model_ep240_rew-37.38.zip
Episode 340 | Eval Reward: 129.28
--> Saved new top model: model_ep340_rew129.28.zip
--> Removed lower performing model: model_ep300_rew12.96.zip
Episode 360 | Eval Reward: 174.14
--> Saved new top model: model_ep360_rew174.14.zip
--> Removed lower performing model: model_ep280_rew77.38.zip
Episode 380 | Eval Reward: 112.95
--> Saved new top model: model_ep380_rew112.95.zip
--> Removed lower performing model: model_ep320_rew110.17.zip
Episode 400 | Eval Reward: 215.18
--> Saved new top model: model_ep400_rew215.18.zip
--> Removed lower performing model: model_ep380_rew112.95.zip
Episode 420 | Eval Reward: 206.87
--> Saved new top model: model_ep420_rew206.87.zip
--> Removed lower performing model: model_ep340_rew129.28.zip
Episode 440 | Eval Reward: 150.06
Episode 460 | Eval Reward: 194.59
--> Saved new top model: model_ep460_rew194.59.zip
--> Removed lower performing model: model_ep360_rew174.14.zip
Episode 480 | Eval Reward: 166.66
Episode 500 | Eval Reward: 143.90
Episode 520 | Eval Reward: 188.51
Episode 540 | Eval Reward: 217.38
--> Saved new top model: model_ep540_rew217.38.zip
--> Removed lower performing model: model_ep460_rew194.59.zip
Episode 560 | Eval Reward: 180.98
Episode 580 | Eval Reward: 128.60
Episode 600 | Eval Reward: 203.29
Episode 620 | Eval Reward: 180.79
Episode 640 | Eval Reward: 194.76
Episode 660 | Eval Reward: 190.83
Episode 680 | Eval Reward: 211.84
--> Saved new top model: model_ep680_rew211.84.zip
--> Removed lower performing model: model_ep420_rew206.87.zip
Episode 700 | Eval Reward: 163.05
Episode 720 | Eval Reward: 218.51
--> Saved new top model: model_ep720_rew218.51.zip
--> Removed lower performing model: model_ep680_rew211.84.zip
Episode 740 | Eval Reward: 132.03
Episode 760 | Eval Reward: 161.68
Episode 780 | Eval Reward: 159.50
Episode 800 | Eval Reward: 220.22
--> Saved new top model: model_ep800_rew220.22.zip
--> Removed lower performing model: model_ep400_rew215.18.zip
Episode 820 | Eval Reward: 223.47
--> Saved new top model: model_ep820_rew223.47.zip
--> Removed lower performing model: model_ep540_rew217.38.zip
Episode 840 | Eval Reward: 216.84
Episode 860 | Eval Reward: 208.19
Episode 880 | Eval Reward: 151.05
Episode 900 | Eval Reward: 249.43
--> Saved new top model: model_ep900_rew249.43.zip
--> Removed lower performing model: model_ep720_rew218.51.zip
Episode 920 | Eval Reward: 148.42
Episode 940 | Eval Reward: 153.50
Episode 960 | Eval Reward: 231.12
--> Saved new top model: model_ep960_rew231.12.zip
--> Removed lower performing model: model_ep800_rew220.22.zip
Episode 980 | Eval Reward: 106.28
Episode 1000 | Eval Reward: 140.84
Episode 1020 | Eval Reward: 235.12
--> Saved new top model: model_ep1020_rew235.12.zip
--> Removed lower performing model: model_ep820_rew223.47.zip
Episode 1040 | Eval Reward: 251.08
--> Saved new top model: model_ep1040_rew251.08.zip
--> Removed lower performing model: model_ep960_rew231.12.zip
Episode 1060 | Eval Reward: 130.78
Episode 1080 | Eval Reward: 182.59
Episode 1100 | Eval Reward: 186.89
Episode 1120 | Eval Reward: 249.52
--> Saved new top model: model_ep1120_rew249.52.zip
--> Removed lower performing model: model_ep1020_rew235.12.zip
Episode 1140 | Eval Reward: 159.80
Episode 1160 | Eval Reward: 204.85
Episode 1180 | Eval Reward: 212.71
Episode 1200 | Eval Reward: 203.26
Episode 1220 | Eval Reward: 165.18
Episode 1240 | Eval Reward: 144.54
Episode 1260 | Eval Reward: 252.42
--> Saved new top model: model_ep1260_rew252.42.zip
--> Removed lower performing model: model_ep900_rew249.43.zip
Episode 1280 | Eval Reward: 216.81
Episode 1300 | Eval Reward: 236.72
Episode 1320 | Eval Reward: 222.36
Episode 1340 | Eval Reward: 182.66
Episode 1360 | Eval Reward: 192.18
Episode 1380 | Eval Reward: 179.23
Episode 1400 | Eval Reward: 264.07
--> Saved new top model: model_ep1400_rew264.07.zip
--> Removed lower performing model: model_ep1120_rew249.52.zip
Episode 1420 | Eval Reward: 222.81
Episode 1440 | Eval Reward: 254.05
--> Saved new top model: model_ep1440_rew254.05.zip
--> Removed lower performing model: model_ep1040_rew251.08.zip
Episode 1460 | Eval Reward: 210.24
Episode 1480 | Eval Reward: 212.16
Episode 1500 | Eval Reward: 181.11
Episode 1520 | Eval Reward: 185.32
Episode 1540 | Eval Reward: 246.55
Episode 1560 | Eval Reward: 232.48
Episode 1580 | Eval Reward: 222.82
Episode 1600 | Eval Reward: 245.36
Episode 1620 | Eval Reward: 187.90
Episode 1640 | Eval Reward: 255.77
--> Saved new top model: model_ep1640_rew255.77.zip
--> Removed lower performing model: model_ep1260_rew252.42.zip
Episode 1660 | Eval Reward: 251.01
Episode 1680 | Eval Reward: 251.00
Episode 1700 | Eval Reward: 230.71
Episode 1720 | Eval Reward: 252.29
Episode 1740 | Eval Reward: 208.68
Episode 1760 | Eval Reward: 228.86
Episode 1780 | Eval Reward: 265.05
--> Saved new top model: model_ep1780_rew265.05.zip
--> Removed lower performing model: model_ep1440_rew254.05.zip
Episode 1800 | Eval Reward: 188.26
Episode 1820 | Eval Reward: 226.00
Episode 1840 | Eval Reward: 241.81
Episode 1860 | Eval Reward: 265.30
--> Saved new top model: model_ep1860_rew265.30.zip
--> Removed lower performing model: model_ep1640_rew255.77.zip
Episode 1880 | Eval Reward: 242.25
Episode 1900 | Eval Reward: 267.27
--> Saved new top model: model_ep1900_rew267.27.zip
--> Removed lower performing model: model_ep1400_rew264.07.zip
Episode 1920 | Eval Reward: 232.10
Episode 1940 | Eval Reward: 267.57
--> Saved new top model: model_ep1940_rew267.57.zip
--> Removed lower performing model: model_ep1780_rew265.05.zip
Episode 1960 | Eval Reward: 277.81
--> Saved new top model: model_ep1960_rew277.81.zip
--> Removed lower performing model: model_ep1860_rew265.30.zip
Episode 1980 | Eval Reward: 212.01
Episode 2000 | Eval Reward: 235.46
Episode 2020 | Eval Reward: 269.03
--> Saved new top model: model_ep2020_rew269.03.zip
--> Removed lower performing model: model_ep1900_rew267.27.zip
Episode 2040 | Eval Reward: 236.99
Episode 2060 | Eval Reward: 232.08
Episode 2080 | Eval Reward: 254.07
Episode 2100 | Eval Reward: 258.32
Episode 2120 | Eval Reward: 259.43
Episode 2140 | Eval Reward: 261.84
Episode 2160 | Eval Reward: 286.55
--> Saved new top model: model_ep2160_rew286.55.zip
--> Removed lower performing model: model_ep1940_rew267.57.zip
Episode 2180 | Eval Reward: 229.55
Episode 2200 | Eval Reward: 248.72
Episode 2220 | Eval Reward: 268.82
Episode 2240 | Eval Reward: 269.19
--> Saved new top model: model_ep2240_rew269.19.zip
--> Removed lower performing model: model_ep2020_rew269.03.zip
Episode 2260 | Eval Reward: 276.32
--> Saved new top model: model_ep2260_rew276.32.zip
--> Removed lower performing model: model_ep2240_rew269.19.zip
Episode 2280 | Eval Reward: 266.51
Episode 2300 | Eval Reward: 211.71
Episode 2320 | Eval Reward: 264.58
Episode 2340 | Eval Reward: 219.68
Episode 2360 | Eval Reward: 258.92
Episode 2380 | Eval Reward: 225.49
Episode 2400 | Eval Reward: 262.22
Episode 2420 | Eval Reward: 249.12
Episode 2440 | Eval Reward: 245.06
Episode 2460 | Eval Reward: 268.79
Episode 2480 | Eval Reward: 222.08
Episode 2500 | Eval Reward: 238.74
Episode 2520 | Eval Reward: 231.21
Episode 2540 | Eval Reward: 259.38
Episode 2560 | Eval Reward: 237.21
Episode 2580 | Eval Reward: 215.14
Episode 2600 | Eval Reward: 237.89
Episode 2620 | Eval Reward: 241.80
Episode 2640 | Eval Reward: 203.70
Episode 2660 | Eval Reward: 158.25
Episode 2680 | Eval Reward: 226.77
Episode 2700 | Eval Reward: 194.18
Episode 2720 | Eval Reward: 199.94
Episode 2740 | Eval Reward: 144.49

Plot successfully saved to results/plots/Performance_lr0.0003_g0.99_gae0.95_clip0.2_arch128_128.png
--- Training Completed for lr0.0003_g0.99_gae0.95_clip0.2_arch128_128 ---
Running Experiment 5: Deeper Network Architecture (64 64 64)
--- Starting SB3 PPO Training on LunarLander-v3 ---
Hyperparameters: lr0.0003_g0.99_gae0.95_clip0.2_arch64_64_64
Training in progress. Please wait...
/home/zhanghan/anaconda3/envs/script/lib/python3.12/site-packages/stable_baselines3/common/evaluation.py:70: UserWarning: Evaluation environment is not wrapped with a ``Monitor`` wrapper. This may result in reporting modified episode lengths and rewards, if other wrappers happen to modify these. Consider wrapping environment first with ``Monitor`` wrapper.
  warnings.warn(
Episode 20 | Eval Reward: -113.72
--> Saved new top model: model_ep20_rew-113.72.zip
/home/zhanghan/anaconda3/envs/script/lib/python3.12/site-packages/stable_baselines3/common/evaluation.py:70: UserWarning: Evaluation environment is not wrapped with a ``Monitor`` wrapper. This may result in reporting modified episode lengths and rewards, if other wrappers happen to modify these. Consider wrapping environment first with ``Monitor`` wrapper.
  warnings.warn(
Episode 40 | Eval Reward: -120.68
--> Saved new top model: model_ep40_rew-120.68.zip
Episode 60 | Eval Reward: -137.04
--> Saved new top model: model_ep60_rew-137.04.zip
Episode 80 | Eval Reward: -166.97
Episode 100 | Eval Reward: -81.06
--> Saved new top model: model_ep100_rew-81.06.zip
--> Removed lower performing model: model_ep60_rew-137.04.zip
Episode 120 | Eval Reward: -122.18
Episode 140 | Eval Reward: -129.54
Episode 160 | Eval Reward: -126.64
Episode 180 | Eval Reward: -133.10
Episode 200 | Eval Reward: -125.66
Episode 220 | Eval Reward: 99.26
--> Saved new top model: model_ep220_rew99.26.zip
--> Removed lower performing model: model_ep40_rew-120.68.zip
Episode 240 | Eval Reward: 202.07
--> Saved new top model: model_ep240_rew202.07.zip
--> Removed lower performing model: model_ep20_rew-113.72.zip
Episode 260 | Eval Reward: 246.74
--> Saved new top model: model_ep260_rew246.74.zip
--> Removed lower performing model: model_ep100_rew-81.06.zip
Episode 280 | Eval Reward: 142.10
--> Saved new top model: model_ep280_rew142.10.zip
--> Removed lower performing model: model_ep220_rew99.26.zip
Episode 300 | Eval Reward: 202.60
--> Saved new top model: model_ep300_rew202.60.zip
--> Removed lower performing model: model_ep280_rew142.10.zip
Episode 320 | Eval Reward: 149.79
Episode 340 | Eval Reward: 194.04
Episode 360 | Eval Reward: 136.40
Episode 380 | Eval Reward: 120.44
Episode 400 | Eval Reward: 161.35
Episode 420 | Eval Reward: 120.46
Episode 440 | Eval Reward: 177.36
Episode 460 | Eval Reward: 143.58
Episode 480 | Eval Reward: 106.88
Episode 500 | Eval Reward: 125.78
Episode 520 | Eval Reward: 94.38
Episode 540 | Eval Reward: 174.32
Episode 560 | Eval Reward: 172.36
Episode 580 | Eval Reward: 91.19
Episode 600 | Eval Reward: 213.04
--> Saved new top model: model_ep600_rew213.04.zip
--> Removed lower performing model: model_ep240_rew202.07.zip
Episode 620 | Eval Reward: 190.15
Episode 640 | Eval Reward: 138.84
Episode 660 | Eval Reward: 145.65
Episode 680 | Eval Reward: 157.82
Episode 700 | Eval Reward: 145.46
Episode 720 | Eval Reward: 196.50
Episode 740 | Eval Reward: 171.53
Episode 760 | Eval Reward: 184.25
Episode 780 | Eval Reward: 189.95
Episode 800 | Eval Reward: 169.91
Episode 820 | Eval Reward: 164.31
Episode 840 | Eval Reward: 142.27
Episode 860 | Eval Reward: 110.36
Episode 880 | Eval Reward: 196.54
Episode 900 | Eval Reward: 207.85
--> Saved new top model: model_ep900_rew207.85.zip
--> Removed lower performing model: model_ep300_rew202.60.zip
Episode 920 | Eval Reward: 207.35
Episode 940 | Eval Reward: 164.27
Episode 960 | Eval Reward: 214.90
--> Saved new top model: model_ep960_rew214.90.zip
--> Removed lower performing model: model_ep900_rew207.85.zip
Episode 980 | Eval Reward: 236.23
--> Saved new top model: model_ep980_rew236.23.zip
--> Removed lower performing model: model_ep600_rew213.04.zip
Episode 1000 | Eval Reward: 141.73
Episode 1020 | Eval Reward: 205.61
Episode 1040 | Eval Reward: 220.97
--> Saved new top model: model_ep1040_rew220.97.zip
--> Removed lower performing model: model_ep960_rew214.90.zip
Episode 1060 | Eval Reward: 126.96
