--- Starting SB3 PPO Training on LunarLander-v3 ---
Hyperparameters: lr0.0003_g0.99_gae0.95_clip0.2_arch64_64
Training in progress. Please wait...
/home/zhanghan/anaconda3/envs/script/lib/python3.12/site-packages/stable_baselines3/common/evaluation.py:70: UserWarning: Evaluation environment is not wrapped with a ``Monitor`` wrapper. This may result in reporting modified episode lengths and rewards, if other wrappers happen to modify these. Consider wrapping environment first with ``Monitor`` wrapper.
  warnings.warn(
Episode 20 | Eval Reward: -204.75
--> Saved new top model: model_ep20_rew-204.75.zip
/home/zhanghan/anaconda3/envs/script/lib/python3.12/site-packages/stable_baselines3/common/evaluation.py:70: UserWarning: Evaluation environment is not wrapped with a ``Monitor`` wrapper. This may result in reporting modified episode lengths and rewards, if other wrappers happen to modify these. Consider wrapping environment first with ``Monitor`` wrapper.
  warnings.warn(
Episode 40 | Eval Reward: -260.11
--> Saved new top model: model_ep40_rew-260.11.zip
Episode 60 | Eval Reward: -285.38
--> Saved new top model: model_ep60_rew-285.38.zip
Episode 80 | Eval Reward: -250.19
--> Saved new top model: model_ep80_rew-250.19.zip
--> Removed lower performing model: model_ep60_rew-285.38.zip
Episode 100 | Eval Reward: -170.24
--> Saved new top model: model_ep100_rew-170.24.zip
--> Removed lower performing model: model_ep40_rew-260.11.zip
Episode 120 | Eval Reward: -237.02
--> Saved new top model: model_ep120_rew-237.02.zip
--> Removed lower performing model: model_ep80_rew-250.19.zip
Episode 140 | Eval Reward: -243.50
Episode 160 | Eval Reward: -327.89
Episode 180 | Eval Reward: -300.39
Episode 200 | Eval Reward: -232.01
--> Saved new top model: model_ep200_rew-232.01.zip
--> Removed lower performing model: model_ep120_rew-237.02.zip
Episode 220 | Eval Reward: -217.82
--> Saved new top model: model_ep220_rew-217.82.zip
--> Removed lower performing model: model_ep200_rew-232.01.zip
Episode 240 | Eval Reward: -211.65
--> Saved new top model: model_ep240_rew-211.65.zip
--> Removed lower performing model: model_ep220_rew-217.82.zip
Episode 260 | Eval Reward: -236.91
Episode 280 | Eval Reward: -242.73
Episode 300 | Eval Reward: -191.38
--> Saved new top model: model_ep300_rew-191.38.zip
--> Removed lower performing model: model_ep240_rew-211.65.zip
Episode 320 | Eval Reward: -293.46
Episode 340 | Eval Reward: -83.75
--> Saved new top model: model_ep340_rew-83.75.zip
--> Removed lower performing model: model_ep20_rew-204.75.zip
Episode 360 | Eval Reward: 70.53
--> Saved new top model: model_ep360_rew70.53.zip
--> Removed lower performing model: model_ep300_rew-191.38.zip
Episode 380 | Eval Reward: 104.90
--> Saved new top model: model_ep380_rew104.90.zip
--> Removed lower performing model: model_ep100_rew-170.24.zip
Episode 400 | Eval Reward: 99.90
--> Saved new top model: model_ep400_rew99.90.zip
--> Removed lower performing model: model_ep340_rew-83.75.zip
Episode 420 | Eval Reward: 173.51
--> Saved new top model: model_ep420_rew173.51.zip
--> Removed lower performing model: model_ep360_rew70.53.zip
Episode 440 | Eval Reward: 83.14
Episode 460 | Eval Reward: 139.20
--> Saved new top model: model_ep460_rew139.20.zip
--> Removed lower performing model: model_ep400_rew99.90.zip
Episode 480 | Eval Reward: 153.25
--> Saved new top model: model_ep480_rew153.25.zip
--> Removed lower performing model: model_ep380_rew104.90.zip
Episode 500 | Eval Reward: 165.28
--> Saved new top model: model_ep500_rew165.28.zip
--> Removed lower performing model: model_ep460_rew139.20.zip
Episode 520 | Eval Reward: 161.59
--> Saved new top model: model_ep520_rew161.59.zip
--> Removed lower performing model: model_ep480_rew153.25.zip
Episode 540 | Eval Reward: 88.55
Episode 560 | Eval Reward: 142.71
Episode 580 | Eval Reward: 172.44
--> Saved new top model: model_ep580_rew172.44.zip
--> Removed lower performing model: model_ep520_rew161.59.zip
Episode 600 | Eval Reward: 191.16
--> Saved new top model: model_ep600_rew191.16.zip
--> Removed lower performing model: model_ep500_rew165.28.zip
Episode 620 | Eval Reward: 210.83
--> Saved new top model: model_ep620_rew210.83.zip
--> Removed lower performing model: model_ep580_rew172.44.zip
Episode 640 | Eval Reward: 167.63
Episode 660 | Eval Reward: 149.52
Episode 680 | Eval Reward: 139.36
Episode 700 | Eval Reward: 171.69
Episode 720 | Eval Reward: 108.61
Episode 740 | Eval Reward: 129.88
Episode 760 | Eval Reward: 177.03
--> Saved new top model: model_ep760_rew177.03.zip
--> Removed lower performing model: model_ep420_rew173.51.zip
Episode 780 | Eval Reward: 132.71
Episode 800 | Eval Reward: 177.52
--> Saved new top model: model_ep800_rew177.52.zip
--> Removed lower performing model: model_ep760_rew177.03.zip
Episode 820 | Eval Reward: 169.10
Episode 840 | Eval Reward: 173.68
Episode 860 | Eval Reward: 167.65
Episode 880 | Eval Reward: 186.05
--> Saved new top model: model_ep880_rew186.05.zip
--> Removed lower performing model: model_ep800_rew177.52.zip
Episode 900 | Eval Reward: 219.26
--> Saved new top model: model_ep900_rew219.26.zip
--> Removed lower performing model: model_ep880_rew186.05.zip
Episode 920 | Eval Reward: 69.30
Episode 940 | Eval Reward: 112.04
Episode 960 | Eval Reward: 105.63
Episode 980 | Eval Reward: 95.15
Episode 1000 | Eval Reward: 142.49
Episode 1020 | Eval Reward: 141.90
Episode 1040 | Eval Reward: -4.23
Episode 1060 | Eval Reward: 118.71
Episode 1080 | Eval Reward: 204.80
--> Saved new top model: model_ep1080_rew204.80.zip
--> Removed lower performing model: model_ep600_rew191.16.zip
Episode 1100 | Eval Reward: 169.29
Episode 1120 | Eval Reward: 123.67

Plot successfully saved to results/plots/Performance_lr0.0003_g0.99_gae0.95_clip0.2_arch64_64.png
--- Training Completed for lr0.0003_g0.99_gae0.95_clip0.2_arch64_64 ---
