--- Starting SB3 PPO Training on LunarLander-v3 ---
Hyperparameters: lr0.001_g0.99_gae0.95_clip0.2_arch64_64
Training in progress. Please wait...
/home/zhanghan/anaconda3/envs/script/lib/python3.12/site-packages/stable_baselines3/common/evaluation.py:70: UserWarning: Evaluation environment is not wrapped with a ``Monitor`` wrapper. This may result in reporting modified episode lengths and rewards, if other wrappers happen to modify these. Consider wrapping environment first with ``Monitor`` wrapper.
  warnings.warn(
Episode 20 | Eval Reward: -224.23
--> Saved new top model: model_ep20_rew-224.23.zip
/home/zhanghan/anaconda3/envs/script/lib/python3.12/site-packages/stable_baselines3/common/evaluation.py:70: UserWarning: Evaluation environment is not wrapped with a ``Monitor`` wrapper. This may result in reporting modified episode lengths and rewards, if other wrappers happen to modify these. Consider wrapping environment first with ``Monitor`` wrapper.
  warnings.warn(
Episode 40 | Eval Reward: -167.29
--> Saved new top model: model_ep40_rew-167.29.zip
Episode 60 | Eval Reward: -123.06
--> Saved new top model: model_ep60_rew-123.06.zip
Episode 80 | Eval Reward: -121.40
--> Saved new top model: model_ep80_rew-121.40.zip
--> Removed lower performing model: model_ep20_rew-224.23.zip
Episode 100 | Eval Reward: -126.98
--> Saved new top model: model_ep100_rew-126.98.zip
--> Removed lower performing model: model_ep40_rew-167.29.zip
Episode 120 | Eval Reward: -210.54
Episode 140 | Eval Reward: -153.42
Episode 160 | Eval Reward: -56.05
--> Saved new top model: model_ep160_rew-56.05.zip
--> Removed lower performing model: model_ep100_rew-126.98.zip
Episode 180 | Eval Reward: 13.78
--> Saved new top model: model_ep180_rew13.78.zip
--> Removed lower performing model: model_ep60_rew-123.06.zip
Episode 200 | Eval Reward: -148.71
Episode 220 | Eval Reward: 220.34
--> Saved new top model: model_ep220_rew220.34.zip
--> Removed lower performing model: model_ep80_rew-121.40.zip
Episode 240 | Eval Reward: 37.53
--> Saved new top model: model_ep240_rew37.53.zip
--> Removed lower performing model: model_ep160_rew-56.05.zip
Episode 260 | Eval Reward: 6.33
Episode 280 | Eval Reward: 84.47
--> Saved new top model: model_ep280_rew84.47.zip
--> Removed lower performing model: model_ep180_rew13.78.zip
Episode 300 | Eval Reward: 146.39
--> Saved new top model: model_ep300_rew146.39.zip
--> Removed lower performing model: model_ep240_rew37.53.zip
Episode 320 | Eval Reward: 133.49
--> Saved new top model: model_ep320_rew133.49.zip
--> Removed lower performing model: model_ep280_rew84.47.zip
Episode 340 | Eval Reward: 206.13
--> Saved new top model: model_ep340_rew206.13.zip
--> Removed lower performing model: model_ep320_rew133.49.zip
Episode 360 | Eval Reward: 5.46
Episode 380 | Eval Reward: 14.38
Episode 400 | Eval Reward: -3.83
Episode 420 | Eval Reward: 72.99
Episode 440 | Eval Reward: 151.77
--> Saved new top model: model_ep440_rew151.77.zip
--> Removed lower performing model: model_ep300_rew146.39.zip
Episode 460 | Eval Reward: 164.85
--> Saved new top model: model_ep460_rew164.85.zip
--> Removed lower performing model: model_ep440_rew151.77.zip
Episode 480 | Eval Reward: 118.21
Episode 500 | Eval Reward: 111.38
Episode 520 | Eval Reward: 67.86
Episode 540 | Eval Reward: 157.07
Episode 560 | Eval Reward: 207.83
--> Saved new top model: model_ep560_rew207.83.zip
--> Removed lower performing model: model_ep460_rew164.85.zip
Episode 580 | Eval Reward: 160.49
Episode 600 | Eval Reward: 98.95
Episode 620 | Eval Reward: 210.28
--> Saved new top model: model_ep620_rew210.28.zip
--> Removed lower performing model: model_ep340_rew206.13.zip
Episode 640 | Eval Reward: 140.91
Episode 660 | Eval Reward: 195.91
Episode 680 | Eval Reward: 79.27
Episode 700 | Eval Reward: 78.17
Episode 720 | Eval Reward: 152.16
Episode 740 | Eval Reward: 104.05
Episode 760 | Eval Reward: 161.63
Episode 780 | Eval Reward: 112.23
Episode 800 | Eval Reward: 218.06
--> Saved new top model: model_ep800_rew218.06.zip
--> Removed lower performing model: model_ep560_rew207.83.zip
Episode 820 | Eval Reward: 145.24
Episode 840 | Eval Reward: 180.39
Episode 860 | Eval Reward: 183.84
Episode 880 | Eval Reward: 180.70
Episode 900 | Eval Reward: 204.00
Episode 920 | Eval Reward: 142.67
Episode 940 | Eval Reward: 130.58
Episode 960 | Eval Reward: 93.40
Episode 980 | Eval Reward: 179.88
Episode 1000 | Eval Reward: 147.28
Episode 1020 | Eval Reward: 167.60
Episode 1040 | Eval Reward: 152.47
Episode 1060 | Eval Reward: 193.20
Episode 1080 | Eval Reward: 198.84
Episode 1100 | Eval Reward: 190.85
Episode 1120 | Eval Reward: 196.71
Episode 1140 | Eval Reward: 183.13
Episode 1160 | Eval Reward: 202.43
Episode 1180 | Eval Reward: 130.77
Episode 1200 | Eval Reward: 185.41
Episode 1220 | Eval Reward: 166.23
Episode 1240 | Eval Reward: 203.21
Episode 1260 | Eval Reward: 133.09
Episode 1280 | Eval Reward: 130.36
Episode 1300 | Eval Reward: 107.44
Episode 1320 | Eval Reward: 185.63
Episode 1340 | Eval Reward: 113.37
Episode 1360 | Eval Reward: 116.75
Episode 1380 | Eval Reward: 123.00
Episode 1400 | Eval Reward: 188.22
Episode 1420 | Eval Reward: 59.91
Episode 1440 | Eval Reward: 114.51
Episode 1460 | Eval Reward: 141.65
Episode 1480 | Eval Reward: 83.83
Episode 1500 | Eval Reward: 92.66
Episode 1520 | Eval Reward: 58.21
Episode 1540 | Eval Reward: 139.01
Episode 1560 | Eval Reward: 113.89
Episode 1580 | Eval Reward: 159.32
Episode 1600 | Eval Reward: 196.02
Episode 1620 | Eval Reward: 181.01
Episode 1640 | Eval Reward: 80.05
Episode 1660 | Eval Reward: 166.20
Episode 1680 | Eval Reward: 103.81
Episode 1700 | Eval Reward: 150.91
Episode 1720 | Eval Reward: 190.45
Episode 1740 | Eval Reward: 74.79
Episode 1760 | Eval Reward: 199.57
Episode 1780 | Eval Reward: 186.33
Episode 1800 | Eval Reward: 224.32
--> Saved new top model: model_ep1800_rew224.32.zip
--> Removed lower performing model: model_ep620_rew210.28.zip
Episode 1820 | Eval Reward: 119.66
Episode 1840 | Eval Reward: 154.34
Episode 1860 | Eval Reward: 181.42
Episode 1880 | Eval Reward: 116.87
Episode 1900 | Eval Reward: 84.08
Episode 1920 | Eval Reward: 181.66
Episode 1940 | Eval Reward: 109.22
Episode 1960 | Eval Reward: 58.66
Episode 1980 | Eval Reward: 35.71
Episode 2000 | Eval Reward: 222.77
--> Saved new top model: model_ep2000_rew222.77.zip
--> Removed lower performing model: model_ep800_rew218.06.zip
Episode 2020 | Eval Reward: 110.09
Episode 2040 | Eval Reward: 168.20
Episode 2060 | Eval Reward: 202.49
Episode 2080 | Eval Reward: 36.07
Episode 2100 | Eval Reward: 189.81
Episode 2120 | Eval Reward: 198.29
Episode 2140 | Eval Reward: 198.96
Episode 2160 | Eval Reward: 150.81
Episode 2180 | Eval Reward: 182.11
Episode 2200 | Eval Reward: 186.77
Episode 2220 | Eval Reward: 201.62
Episode 2240 | Eval Reward: 185.66
Episode 2260 | Eval Reward: 211.03
Episode 2280 | Eval Reward: 203.96
Episode 2300 | Eval Reward: 275.53
--> Saved new top model: model_ep2300_rew275.53.zip
--> Removed lower performing model: model_ep220_rew220.34.zip
Episode 2320 | Eval Reward: 73.14
Episode 2340 | Eval Reward: 149.01
Episode 2360 | Eval Reward: 218.99
Episode 2380 | Eval Reward: 246.03
--> Saved new top model: model_ep2380_rew246.03.zip
--> Removed lower performing model: model_ep2000_rew222.77.zip
Episode 2400 | Eval Reward: 213.33
Episode 2420 | Eval Reward: 184.40
Episode 2440 | Eval Reward: 237.52
--> Saved new top model: model_ep2440_rew237.52.zip
--> Removed lower performing model: model_ep1800_rew224.32.zip
Episode 2460 | Eval Reward: 104.32
Episode 2480 | Eval Reward: 201.94
Episode 2500 | Eval Reward: 165.85
Episode 2520 | Eval Reward: 231.90
Episode 2540 | Eval Reward: 129.02
Episode 2560 | Eval Reward: 190.60
Episode 2580 | Eval Reward: 97.37
Episode 2600 | Eval Reward: 171.45
Episode 2620 | Eval Reward: 216.01
Episode 2640 | Eval Reward: 157.67
Episode 2660 | Eval Reward: 224.01
Episode 2680 | Eval Reward: 223.10
Episode 2700 | Eval Reward: 230.89
Episode 2720 | Eval Reward: 151.05
Episode 2740 | Eval Reward: 154.26
Episode 2760 | Eval Reward: 136.03
Episode 2780 | Eval Reward: 174.64
Episode 2800 | Eval Reward: 157.85
Episode 2820 | Eval Reward: 157.44

Plot successfully saved to results/plots/Performance_lr0.001_g0.99_gae0.95_clip0.2_arch64_64.png
--- Training Completed for lr0.001_g0.99_gae0.95_clip0.2_arch64_64 ---
