--- Starting SB3 PPO Training on LunarLander-v3 ---
Hyperparameters: lr0.0003_g0.999_gae0.95_clip0.2_arch64_64
Training in progress. Please wait...
/home/zhanghan/anaconda3/envs/script/lib/python3.12/site-packages/stable_baselines3/common/evaluation.py:70: UserWarning: Evaluation environment is not wrapped with a ``Monitor`` wrapper. This may result in reporting modified episode lengths and rewards, if other wrappers happen to modify these. Consider wrapping environment first with ``Monitor`` wrapper.
  warnings.warn(
Episode 20 | Eval Reward: -299.97
--> Saved new top model: model_ep20_rew-299.97.zip
/home/zhanghan/anaconda3/envs/script/lib/python3.12/site-packages/stable_baselines3/common/evaluation.py:70: UserWarning: Evaluation environment is not wrapped with a ``Monitor`` wrapper. This may result in reporting modified episode lengths and rewards, if other wrappers happen to modify these. Consider wrapping environment first with ``Monitor`` wrapper.
  warnings.warn(
Episode 40 | Eval Reward: -227.51
--> Saved new top model: model_ep40_rew-227.51.zip
Episode 60 | Eval Reward: -124.74
--> Saved new top model: model_ep60_rew-124.74.zip
Episode 80 | Eval Reward: -99.82
--> Saved new top model: model_ep80_rew-99.82.zip
--> Removed lower performing model: model_ep20_rew-299.97.zip
Episode 100 | Eval Reward: -100.26
--> Saved new top model: model_ep100_rew-100.26.zip
--> Removed lower performing model: model_ep40_rew-227.51.zip
Episode 120 | Eval Reward: -211.89
Episode 140 | Eval Reward: -147.82
Episode 160 | Eval Reward: -186.55
Episode 180 | Eval Reward: -100.47
--> Saved new top model: model_ep180_rew-100.47.zip
--> Removed lower performing model: model_ep60_rew-124.74.zip
Episode 200 | Eval Reward: -98.76
--> Saved new top model: model_ep200_rew-98.76.zip
--> Removed lower performing model: model_ep180_rew-100.47.zip
Episode 220 | Eval Reward: -19.09
--> Saved new top model: model_ep220_rew-19.09.zip
--> Removed lower performing model: model_ep100_rew-100.26.zip
Episode 240 | Eval Reward: -2.05
--> Saved new top model: model_ep240_rew-2.05.zip
--> Removed lower performing model: model_ep80_rew-99.82.zip
Episode 260 | Eval Reward: -115.88
Episode 280 | Eval Reward: -53.34
--> Saved new top model: model_ep280_rew-53.34.zip
--> Removed lower performing model: model_ep200_rew-98.76.zip
Episode 300 | Eval Reward: -35.44
--> Saved new top model: model_ep300_rew-35.44.zip
--> Removed lower performing model: model_ep280_rew-53.34.zip
Episode 320 | Eval Reward: 6.81
--> Saved new top model: model_ep320_rew6.81.zip
--> Removed lower performing model: model_ep300_rew-35.44.zip
Episode 340 | Eval Reward: 61.57
--> Saved new top model: model_ep340_rew61.57.zip
--> Removed lower performing model: model_ep220_rew-19.09.zip
Episode 360 | Eval Reward: 166.73
--> Saved new top model: model_ep360_rew166.73.zip
--> Removed lower performing model: model_ep240_rew-2.05.zip
Episode 380 | Eval Reward: 222.60
--> Saved new top model: model_ep380_rew222.60.zip
--> Removed lower performing model: model_ep320_rew6.81.zip
Episode 400 | Eval Reward: 178.57
--> Saved new top model: model_ep400_rew178.57.zip
--> Removed lower performing model: model_ep340_rew61.57.zip
Episode 420 | Eval Reward: 109.64
Episode 440 | Eval Reward: 130.10
Episode 460 | Eval Reward: 145.20
Episode 480 | Eval Reward: 106.95
Episode 500 | Eval Reward: 96.85
Episode 520 | Eval Reward: 150.03
Episode 540 | Eval Reward: 130.35
Episode 560 | Eval Reward: 168.57
--> Saved new top model: model_ep560_rew168.57.zip
--> Removed lower performing model: model_ep360_rew166.73.zip
Episode 580 | Eval Reward: 146.15
Episode 600 | Eval Reward: 163.34
Episode 620 | Eval Reward: 157.33
Episode 640 | Eval Reward: 182.20
--> Saved new top model: model_ep640_rew182.20.zip
--> Removed lower performing model: model_ep560_rew168.57.zip
Episode 660 | Eval Reward: 120.88
Episode 680 | Eval Reward: 217.87
--> Saved new top model: model_ep680_rew217.87.zip
--> Removed lower performing model: model_ep400_rew178.57.zip
Episode 700 | Eval Reward: 53.55
Episode 720 | Eval Reward: -11.90
Episode 740 | Eval Reward: 67.44
Episode 760 | Eval Reward: -55.71
Episode 780 | Eval Reward: -35.51
Episode 800 | Eval Reward: -14.81
Episode 820 | Eval Reward: 58.57
Episode 840 | Eval Reward: 34.73
Episode 860 | Eval Reward: 22.69
Episode 880 | Eval Reward: 150.77
Episode 900 | Eval Reward: 141.63
Episode 920 | Eval Reward: 68.50
Episode 940 | Eval Reward: 109.41
Episode 960 | Eval Reward: 141.62
Episode 980 | Eval Reward: 165.21
Episode 1000 | Eval Reward: 199.50
--> Saved new top model: model_ep1000_rew199.50.zip
--> Removed lower performing model: model_ep640_rew182.20.zip
Episode 1020 | Eval Reward: 191.21
Episode 1040 | Eval Reward: 204.04
--> Saved new top model: model_ep1040_rew204.04.zip
--> Removed lower performing model: model_ep1000_rew199.50.zip
Episode 1060 | Eval Reward: 159.22
Episode 1080 | Eval Reward: 196.27
Episode 1100 | Eval Reward: 123.59

Plot successfully saved to results/plots/Performance_lr0.0003_g0.999_gae0.95_clip0.2_arch64_64.png
--- Training Completed for lr0.0003_g0.999_gae0.95_clip0.2_arch64_64 ---
