--- Starting SB3 PPO Training on LunarLander-v3 ---
Hyperparameters: lr0.0003_g0.99_gae0.95_clip0.2_arch128_128
Training in progress. Please wait...
/home/zhanghan/anaconda3/envs/script/lib/python3.12/site-packages/stable_baselines3/common/evaluation.py:70: UserWarning: Evaluation environment is not wrapped with a ``Monitor`` wrapper. This may result in reporting modified episode lengths and rewards, if other wrappers happen to modify these. Consider wrapping environment first with ``Monitor`` wrapper.
  warnings.warn(
Episode 20 | Eval Reward: -216.40
--> Saved new top model: model_ep20_rew-216.40.zip
/home/zhanghan/anaconda3/envs/script/lib/python3.12/site-packages/stable_baselines3/common/evaluation.py:70: UserWarning: Evaluation environment is not wrapped with a ``Monitor`` wrapper. This may result in reporting modified episode lengths and rewards, if other wrappers happen to modify these. Consider wrapping environment first with ``Monitor`` wrapper.
  warnings.warn(
Episode 40 | Eval Reward: -146.42
--> Saved new top model: model_ep40_rew-146.42.zip
Episode 60 | Eval Reward: -109.07
--> Saved new top model: model_ep60_rew-109.07.zip
Episode 80 | Eval Reward: -116.15
--> Saved new top model: model_ep80_rew-116.15.zip
--> Removed lower performing model: model_ep20_rew-216.40.zip
Episode 100 | Eval Reward: -150.39
Episode 120 | Eval Reward: -233.03
Episode 140 | Eval Reward: -139.49
--> Saved new top model: model_ep140_rew-139.49.zip
--> Removed lower performing model: model_ep40_rew-146.42.zip
Episode 160 | Eval Reward: -138.44
--> Saved new top model: model_ep160_rew-138.44.zip
--> Removed lower performing model: model_ep140_rew-139.49.zip
Episode 180 | Eval Reward: -199.76
Episode 200 | Eval Reward: -175.13
Episode 220 | Eval Reward: -95.09
--> Saved new top model: model_ep220_rew-95.09.zip
--> Removed lower performing model: model_ep160_rew-138.44.zip
Episode 240 | Eval Reward: -52.45
--> Saved new top model: model_ep240_rew-52.45.zip
--> Removed lower performing model: model_ep80_rew-116.15.zip
Episode 260 | Eval Reward: -155.76
Episode 280 | Eval Reward: 27.36
--> Saved new top model: model_ep280_rew27.36.zip
--> Removed lower performing model: model_ep60_rew-109.07.zip
Episode 300 | Eval Reward: 32.08
--> Saved new top model: model_ep300_rew32.08.zip
--> Removed lower performing model: model_ep220_rew-95.09.zip
Episode 320 | Eval Reward: 47.43
--> Saved new top model: model_ep320_rew47.43.zip
--> Removed lower performing model: model_ep240_rew-52.45.zip
Episode 340 | Eval Reward: 133.06
--> Saved new top model: model_ep340_rew133.06.zip
--> Removed lower performing model: model_ep280_rew27.36.zip
Episode 360 | Eval Reward: 162.18
--> Saved new top model: model_ep360_rew162.18.zip
--> Removed lower performing model: model_ep300_rew32.08.zip
Episode 380 | Eval Reward: 171.54
--> Saved new top model: model_ep380_rew171.54.zip
--> Removed lower performing model: model_ep320_rew47.43.zip
Episode 400 | Eval Reward: 109.27
Episode 420 | Eval Reward: 240.92
--> Saved new top model: model_ep420_rew240.92.zip
--> Removed lower performing model: model_ep340_rew133.06.zip
Episode 440 | Eval Reward: 145.51
Episode 460 | Eval Reward: 178.42
--> Saved new top model: model_ep460_rew178.42.zip
--> Removed lower performing model: model_ep360_rew162.18.zip
Episode 480 | Eval Reward: 160.13
Episode 500 | Eval Reward: 150.30
Episode 520 | Eval Reward: 161.64
Episode 540 | Eval Reward: 189.17
--> Saved new top model: model_ep540_rew189.17.zip
--> Removed lower performing model: model_ep380_rew171.54.zip
Episode 560 | Eval Reward: 103.81
Episode 580 | Eval Reward: 197.45
--> Saved new top model: model_ep580_rew197.45.zip
--> Removed lower performing model: model_ep460_rew178.42.zip
Episode 600 | Eval Reward: 222.25
--> Saved new top model: model_ep600_rew222.25.zip
--> Removed lower performing model: model_ep540_rew189.17.zip
Episode 620 | Eval Reward: 184.20
Episode 640 | Eval Reward: 203.45
--> Saved new top model: model_ep640_rew203.45.zip
--> Removed lower performing model: model_ep580_rew197.45.zip
Episode 660 | Eval Reward: 205.08
--> Saved new top model: model_ep660_rew205.08.zip
--> Removed lower performing model: model_ep640_rew203.45.zip
Episode 680 | Eval Reward: 211.56
--> Saved new top model: model_ep680_rew211.56.zip
--> Removed lower performing model: model_ep660_rew205.08.zip
Episode 700 | Eval Reward: 155.95
Episode 720 | Eval Reward: 229.30
--> Saved new top model: model_ep720_rew229.30.zip
--> Removed lower performing model: model_ep680_rew211.56.zip
Episode 740 | Eval Reward: 132.03
Episode 760 | Eval Reward: 77.12
Episode 780 | Eval Reward: 143.75
Episode 800 | Eval Reward: 162.32
Episode 820 | Eval Reward: 168.37
Episode 840 | Eval Reward: 201.29
Episode 860 | Eval Reward: 177.71
Episode 880 | Eval Reward: 191.56
Episode 900 | Eval Reward: 139.80
Episode 920 | Eval Reward: 88.20
Episode 940 | Eval Reward: 116.72
Episode 960 | Eval Reward: 80.69
Episode 980 | Eval Reward: 141.04
Episode 1000 | Eval Reward: 167.61
Episode 1020 | Eval Reward: 233.12
--> Saved new top model: model_ep1020_rew233.12.zip
--> Removed lower performing model: model_ep600_rew222.25.zip
Episode 1040 | Eval Reward: 202.56
Episode 1060 | Eval Reward: 178.21
Episode 1080 | Eval Reward: 140.74
Episode 1100 | Eval Reward: 110.19

Plot successfully saved to results/plots/Performance_lr0.0003_g0.99_gae0.95_clip0.2_arch128_128.png
--- Training Completed for lr0.0003_g0.99_gae0.95_clip0.2_arch128_128 ---
