--- Starting SB3 PPO Training on LunarLander-v3 ---
Hyperparameters: lr0.0003_g0.99_gae0.95_clip0.2_arch64_64_64
Training in progress. Please wait...
/home/zhanghan/anaconda3/envs/script/lib/python3.12/site-packages/stable_baselines3/common/evaluation.py:70: UserWarning: Evaluation environment is not wrapped with a ``Monitor`` wrapper. This may result in reporting modified episode lengths and rewards, if other wrappers happen to modify these. Consider wrapping environment first with ``Monitor`` wrapper.
  warnings.warn(
Episode 20 | Eval Reward: -113.72
--> Saved new top model: model_ep20_rew-113.72.zip
/home/zhanghan/anaconda3/envs/script/lib/python3.12/site-packages/stable_baselines3/common/evaluation.py:70: UserWarning: Evaluation environment is not wrapped with a ``Monitor`` wrapper. This may result in reporting modified episode lengths and rewards, if other wrappers happen to modify these. Consider wrapping environment first with ``Monitor`` wrapper.
  warnings.warn(
Episode 40 | Eval Reward: -120.68
--> Saved new top model: model_ep40_rew-120.68.zip
Episode 60 | Eval Reward: -137.04
--> Saved new top model: model_ep60_rew-137.04.zip
Episode 80 | Eval Reward: -166.97
Episode 100 | Eval Reward: -81.06
--> Saved new top model: model_ep100_rew-81.06.zip
--> Removed lower performing model: model_ep60_rew-137.04.zip
Episode 120 | Eval Reward: -122.18
Episode 140 | Eval Reward: -129.54
Episode 160 | Eval Reward: -126.64
Episode 180 | Eval Reward: -133.10
Episode 200 | Eval Reward: -125.66
Episode 220 | Eval Reward: 99.26
--> Saved new top model: model_ep220_rew99.26.zip
--> Removed lower performing model: model_ep40_rew-120.68.zip
Episode 240 | Eval Reward: 202.07
--> Saved new top model: model_ep240_rew202.07.zip
--> Removed lower performing model: model_ep20_rew-113.72.zip
Episode 260 | Eval Reward: 246.74
--> Saved new top model: model_ep260_rew246.74.zip
--> Removed lower performing model: model_ep100_rew-81.06.zip
Episode 280 | Eval Reward: 142.10
--> Saved new top model: model_ep280_rew142.10.zip
--> Removed lower performing model: model_ep220_rew99.26.zip
Episode 300 | Eval Reward: 202.60
--> Saved new top model: model_ep300_rew202.60.zip
--> Removed lower performing model: model_ep280_rew142.10.zip
Episode 320 | Eval Reward: 149.79
Episode 340 | Eval Reward: 194.04
Episode 360 | Eval Reward: 136.40
Episode 380 | Eval Reward: 120.44
Episode 400 | Eval Reward: 161.35
Episode 420 | Eval Reward: 120.46
Episode 440 | Eval Reward: 177.36
Episode 460 | Eval Reward: 143.58
Episode 480 | Eval Reward: 106.88
Episode 500 | Eval Reward: 125.78
Episode 520 | Eval Reward: 94.38
Episode 540 | Eval Reward: 174.32
Episode 560 | Eval Reward: 172.36
Episode 580 | Eval Reward: 91.19
Episode 600 | Eval Reward: 213.04
--> Saved new top model: model_ep600_rew213.04.zip
--> Removed lower performing model: model_ep240_rew202.07.zip
Episode 620 | Eval Reward: 190.15
Episode 640 | Eval Reward: 138.84
Episode 660 | Eval Reward: 145.65
Episode 680 | Eval Reward: 157.82
Episode 700 | Eval Reward: 145.46
Episode 720 | Eval Reward: 196.50
Episode 740 | Eval Reward: 171.53
Episode 760 | Eval Reward: 184.25
Episode 780 | Eval Reward: 189.95
Episode 800 | Eval Reward: 169.91
Episode 820 | Eval Reward: 164.31
Episode 840 | Eval Reward: 142.27
Episode 860 | Eval Reward: 110.36
Episode 880 | Eval Reward: 196.54
Episode 900 | Eval Reward: 207.85
--> Saved new top model: model_ep900_rew207.85.zip
--> Removed lower performing model: model_ep300_rew202.60.zip
Episode 920 | Eval Reward: 207.35
Episode 940 | Eval Reward: 164.27
Episode 960 | Eval Reward: 214.90
--> Saved new top model: model_ep960_rew214.90.zip
--> Removed lower performing model: model_ep900_rew207.85.zip
Episode 980 | Eval Reward: 236.23
--> Saved new top model: model_ep980_rew236.23.zip
--> Removed lower performing model: model_ep600_rew213.04.zip
Episode 1000 | Eval Reward: 141.73
Episode 1020 | Eval Reward: 205.61
Episode 1040 | Eval Reward: 220.97
--> Saved new top model: model_ep1040_rew220.97.zip
--> Removed lower performing model: model_ep960_rew214.90.zip
Episode 1060 | Eval Reward: 126.96
Episode 1080 | Eval Reward: 171.53
Episode 1100 | Eval Reward: 157.81
Episode 1120 | Eval Reward: 225.73
--> Saved new top model: model_ep1120_rew225.73.zip
--> Removed lower performing model: model_ep1040_rew220.97.zip
Episode 1140 | Eval Reward: 186.95
Episode 1160 | Eval Reward: 244.97
--> Saved new top model: model_ep1160_rew244.97.zip
--> Removed lower performing model: model_ep1120_rew225.73.zip
Episode 1180 | Eval Reward: 152.04
Episode 1200 | Eval Reward: 188.34
Episode 1220 | Eval Reward: 153.96
Episode 1240 | Eval Reward: 227.39
Episode 1260 | Eval Reward: 205.41
Episode 1280 | Eval Reward: 246.47
--> Saved new top model: model_ep1280_rew246.47.zip
--> Removed lower performing model: model_ep980_rew236.23.zip
Episode 1300 | Eval Reward: 205.84
Episode 1320 | Eval Reward: 214.84
Episode 1340 | Eval Reward: 179.59
Episode 1360 | Eval Reward: 244.76
Episode 1380 | Eval Reward: 236.96
Episode 1400 | Eval Reward: 170.58
Episode 1420 | Eval Reward: 247.49
--> Saved new top model: model_ep1420_rew247.49.zip
--> Removed lower performing model: model_ep1160_rew244.97.zip
Episode 1440 | Eval Reward: 238.03
Episode 1460 | Eval Reward: 244.95
Episode 1480 | Eval Reward: 259.00
--> Saved new top model: model_ep1480_rew259.00.zip
--> Removed lower performing model: model_ep1280_rew246.47.zip
Episode 1500 | Eval Reward: 226.94
Episode 1520 | Eval Reward: 204.28
Episode 1540 | Eval Reward: 241.89
Episode 1560 | Eval Reward: 253.05
--> Saved new top model: model_ep1560_rew253.05.zip
--> Removed lower performing model: model_ep260_rew246.74.zip
Episode 1580 | Eval Reward: 224.25
Episode 1600 | Eval Reward: 222.15
Episode 1620 | Eval Reward: 252.66
--> Saved new top model: model_ep1620_rew252.66.zip
--> Removed lower performing model: model_ep1420_rew247.49.zip
Episode 1640 | Eval Reward: 249.53
Episode 1660 | Eval Reward: 225.32
Episode 1680 | Eval Reward: 226.52
Episode 1700 | Eval Reward: 202.98
Episode 1720 | Eval Reward: 220.52
Episode 1740 | Eval Reward: 196.48
Episode 1760 | Eval Reward: 201.79
Episode 1780 | Eval Reward: 200.20
Episode 1800 | Eval Reward: 193.09
Episode 1820 | Eval Reward: 253.12
--> Saved new top model: model_ep1820_rew253.12.zip
--> Removed lower performing model: model_ep1620_rew252.66.zip
Episode 1840 | Eval Reward: 231.77
Episode 1860 | Eval Reward: 224.71
Episode 1880 | Eval Reward: 252.33
Episode 1900 | Eval Reward: 228.43
Episode 1920 | Eval Reward: 232.02
Episode 1940 | Eval Reward: 215.47
Episode 1960 | Eval Reward: 256.83
--> Saved new top model: model_ep1960_rew256.83.zip
--> Removed lower performing model: model_ep1560_rew253.05.zip
Episode 1980 | Eval Reward: 220.89
Episode 2000 | Eval Reward: 159.54
Episode 2020 | Eval Reward: 230.39
Episode 2040 | Eval Reward: 214.30
Episode 2060 | Eval Reward: 200.91
Episode 2080 | Eval Reward: 261.06
--> Saved new top model: model_ep2080_rew261.06.zip
--> Removed lower performing model: model_ep1820_rew253.12.zip
Episode 2100 | Eval Reward: 259.01
--> Saved new top model: model_ep2100_rew259.01.zip
--> Removed lower performing model: model_ep1960_rew256.83.zip
Episode 2120 | Eval Reward: 269.74
--> Saved new top model: model_ep2120_rew269.74.zip
--> Removed lower performing model: model_ep1480_rew259.00.zip
Episode 2140 | Eval Reward: 204.33
Episode 2160 | Eval Reward: 261.97
--> Saved new top model: model_ep2160_rew261.97.zip
--> Removed lower performing model: model_ep2100_rew259.01.zip
Episode 2180 | Eval Reward: 239.53
Episode 2200 | Eval Reward: 145.82
Episode 2220 | Eval Reward: 217.30
Episode 2240 | Eval Reward: 195.33
Episode 2260 | Eval Reward: 199.55
Episode 2280 | Eval Reward: 210.37
Episode 2300 | Eval Reward: 207.18
Episode 2320 | Eval Reward: 223.53
Episode 2340 | Eval Reward: 204.59
Episode 2360 | Eval Reward: 240.27
Episode 2380 | Eval Reward: 264.74
--> Saved new top model: model_ep2380_rew264.74.zip
--> Removed lower performing model: model_ep2080_rew261.06.zip
Episode 2400 | Eval Reward: 234.20
Episode 2420 | Eval Reward: 234.10
Episode 2440 | Eval Reward: 254.82
Episode 2460 | Eval Reward: 216.89
Episode 2480 | Eval Reward: 144.56
Episode 2500 | Eval Reward: 231.41
Episode 2520 | Eval Reward: 213.46
Episode 2540 | Eval Reward: 197.08
Episode 2560 | Eval Reward: 211.30
Episode 2580 | Eval Reward: 246.80
Episode 2600 | Eval Reward: 248.73
Episode 2620 | Eval Reward: 238.67
Episode 2640 | Eval Reward: 239.90
Episode 2660 | Eval Reward: 212.14

Plot successfully saved to results/plots/Performance_lr0.0003_g0.99_gae0.95_clip0.2_arch64_64_64.png
--- Training Completed for lr0.0003_g0.99_gae0.95_clip0.2_arch64_64_64 ---
