--- Starting SB3 PPO Training on LunarLander-v3 ---
Hyperparameters: lr0.0003_g0.99_gae0.95_clip0.1_arch64_64
Training in progress. Please wait...
/home/zhanghan/anaconda3/envs/script/lib/python3.12/site-packages/stable_baselines3/common/evaluation.py:70: UserWarning: Evaluation environment is not wrapped with a ``Monitor`` wrapper. This may result in reporting modified episode lengths and rewards, if other wrappers happen to modify these. Consider wrapping environment first with ``Monitor`` wrapper.
  warnings.warn(
Episode 20 | Eval Reward: -231.54
--> Saved new top model: model_ep20_rew-231.54.zip
/home/zhanghan/anaconda3/envs/script/lib/python3.12/site-packages/stable_baselines3/common/evaluation.py:70: UserWarning: Evaluation environment is not wrapped with a ``Monitor`` wrapper. This may result in reporting modified episode lengths and rewards, if other wrappers happen to modify these. Consider wrapping environment first with ``Monitor`` wrapper.
  warnings.warn(
Episode 40 | Eval Reward: -229.19
--> Saved new top model: model_ep40_rew-229.19.zip
Episode 60 | Eval Reward: -174.48
--> Saved new top model: model_ep60_rew-174.48.zip
Episode 80 | Eval Reward: -202.11
--> Saved new top model: model_ep80_rew-202.11.zip
--> Removed lower performing model: model_ep20_rew-231.54.zip
Episode 100 | Eval Reward: -173.84
--> Saved new top model: model_ep100_rew-173.84.zip
--> Removed lower performing model: model_ep40_rew-229.19.zip
Episode 120 | Eval Reward: -91.37
--> Saved new top model: model_ep120_rew-91.37.zip
--> Removed lower performing model: model_ep80_rew-202.11.zip
Episode 140 | Eval Reward: -181.12
Episode 160 | Eval Reward: -217.46
Episode 180 | Eval Reward: -202.71
Episode 200 | Eval Reward: -204.16
Episode 220 | Eval Reward: -205.53
Episode 240 | Eval Reward: -203.75
Episode 260 | Eval Reward: -166.68
--> Saved new top model: model_ep260_rew-166.68.zip
--> Removed lower performing model: model_ep60_rew-174.48.zip
Episode 280 | Eval Reward: -170.83
--> Saved new top model: model_ep280_rew-170.83.zip
--> Removed lower performing model: model_ep100_rew-173.84.zip
Episode 300 | Eval Reward: -191.76
Episode 320 | Eval Reward: -196.34
Episode 340 | Eval Reward: -191.66
Episode 360 | Eval Reward: -178.62
Episode 380 | Eval Reward: -56.42
--> Saved new top model: model_ep380_rew-56.42.zip
--> Removed lower performing model: model_ep280_rew-170.83.zip
Episode 400 | Eval Reward: -53.73
--> Saved new top model: model_ep400_rew-53.73.zip
--> Removed lower performing model: model_ep260_rew-166.68.zip
Episode 420 | Eval Reward: -75.67
--> Saved new top model: model_ep420_rew-75.67.zip
--> Removed lower performing model: model_ep120_rew-91.37.zip
Episode 440 | Eval Reward: 81.92
--> Saved new top model: model_ep440_rew81.92.zip
--> Removed lower performing model: model_ep420_rew-75.67.zip
Episode 460 | Eval Reward: 83.91
--> Saved new top model: model_ep460_rew83.91.zip
--> Removed lower performing model: model_ep380_rew-56.42.zip
Episode 480 | Eval Reward: 144.46
--> Saved new top model: model_ep480_rew144.46.zip
--> Removed lower performing model: model_ep400_rew-53.73.zip
Episode 500 | Eval Reward: 134.12
--> Saved new top model: model_ep500_rew134.12.zip
--> Removed lower performing model: model_ep440_rew81.92.zip
Episode 520 | Eval Reward: 104.22
--> Saved new top model: model_ep520_rew104.22.zip
--> Removed lower performing model: model_ep460_rew83.91.zip
Episode 540 | Eval Reward: 136.30
--> Saved new top model: model_ep540_rew136.30.zip
--> Removed lower performing model: model_ep520_rew104.22.zip
Episode 560 | Eval Reward: 140.93
--> Saved new top model: model_ep560_rew140.93.zip
--> Removed lower performing model: model_ep500_rew134.12.zip
Episode 580 | Eval Reward: 188.62
--> Saved new top model: model_ep580_rew188.62.zip
--> Removed lower performing model: model_ep540_rew136.30.zip
Episode 600 | Eval Reward: 200.13
--> Saved new top model: model_ep600_rew200.13.zip
--> Removed lower performing model: model_ep560_rew140.93.zip
Episode 620 | Eval Reward: 149.86
--> Saved new top model: model_ep620_rew149.86.zip
--> Removed lower performing model: model_ep480_rew144.46.zip
Episode 640 | Eval Reward: 139.55
Episode 660 | Eval Reward: 125.82
Episode 680 | Eval Reward: 241.56
--> Saved new top model: model_ep680_rew241.56.zip
--> Removed lower performing model: model_ep620_rew149.86.zip
Episode 700 | Eval Reward: 167.56
Episode 720 | Eval Reward: 199.96
--> Saved new top model: model_ep720_rew199.96.zip
--> Removed lower performing model: model_ep580_rew188.62.zip
Episode 740 | Eval Reward: 150.71
Episode 760 | Eval Reward: 209.23
--> Saved new top model: model_ep760_rew209.23.zip
--> Removed lower performing model: model_ep720_rew199.96.zip
Episode 780 | Eval Reward: 194.36
Episode 800 | Eval Reward: 161.83
Episode 820 | Eval Reward: 220.42
--> Saved new top model: model_ep820_rew220.42.zip
--> Removed lower performing model: model_ep600_rew200.13.zip
Episode 840 | Eval Reward: 132.02
Episode 860 | Eval Reward: 182.63
Episode 880 | Eval Reward: 177.98
Episode 900 | Eval Reward: 247.22
--> Saved new top model: model_ep900_rew247.22.zip
--> Removed lower performing model: model_ep760_rew209.23.zip
Episode 920 | Eval Reward: 146.57
Episode 940 | Eval Reward: 216.86
Episode 960 | Eval Reward: 227.03
--> Saved new top model: model_ep960_rew227.03.zip
--> Removed lower performing model: model_ep820_rew220.42.zip
Episode 980 | Eval Reward: 189.59
Episode 1000 | Eval Reward: 189.16
Episode 1020 | Eval Reward: 215.46
Episode 1040 | Eval Reward: 244.71
--> Saved new top model: model_ep1040_rew244.71.zip
--> Removed lower performing model: model_ep960_rew227.03.zip
Episode 1060 | Eval Reward: 185.69
Episode 1080 | Eval Reward: 196.79
Episode 1100 | Eval Reward: 164.63
Episode 1120 | Eval Reward: 241.81
--> Saved new top model: model_ep1120_rew241.81.zip
--> Removed lower performing model: model_ep680_rew241.56.zip
Episode 1140 | Eval Reward: 233.87
Episode 1160 | Eval Reward: 207.08
Episode 1180 | Eval Reward: 237.91
Episode 1200 | Eval Reward: 216.81
Episode 1220 | Eval Reward: 215.00
Episode 1240 | Eval Reward: 244.43
--> Saved new top model: model_ep1240_rew244.43.zip
--> Removed lower performing model: model_ep1120_rew241.81.zip
Episode 1260 | Eval Reward: 190.66
Episode 1280 | Eval Reward: 167.46
Episode 1300 | Eval Reward: 200.43
Episode 1320 | Eval Reward: 204.68
Episode 1340 | Eval Reward: 243.04
Episode 1360 | Eval Reward: 250.76
--> Saved new top model: model_ep1360_rew250.76.zip
--> Removed lower performing model: model_ep1240_rew244.43.zip
Episode 1380 | Eval Reward: 206.46
Episode 1400 | Eval Reward: 197.86
Episode 1420 | Eval Reward: 202.44
Episode 1440 | Eval Reward: 199.71
Episode 1460 | Eval Reward: 192.39
Episode 1480 | Eval Reward: 150.09
Episode 1500 | Eval Reward: 195.34
Episode 1520 | Eval Reward: 188.84
Episode 1540 | Eval Reward: 213.81
Episode 1560 | Eval Reward: 227.64
Episode 1580 | Eval Reward: 238.00
Episode 1600 | Eval Reward: 213.37
Episode 1620 | Eval Reward: 180.34
Episode 1640 | Eval Reward: 236.56
Episode 1660 | Eval Reward: 239.37
Episode 1680 | Eval Reward: 251.53
--> Saved new top model: model_ep1680_rew251.53.zip
--> Removed lower performing model: model_ep1040_rew244.71.zip
Episode 1700 | Eval Reward: 245.88
Episode 1720 | Eval Reward: 247.69
--> Saved new top model: model_ep1720_rew247.69.zip
--> Removed lower performing model: model_ep900_rew247.22.zip
Episode 1740 | Eval Reward: 214.90
Episode 1760 | Eval Reward: 200.44
Episode 1780 | Eval Reward: 242.12
Episode 1800 | Eval Reward: 228.29
Episode 1820 | Eval Reward: 238.19
Episode 1840 | Eval Reward: 222.94
Episode 1860 | Eval Reward: 253.91
--> Saved new top model: model_ep1860_rew253.91.zip
--> Removed lower performing model: model_ep1720_rew247.69.zip
Episode 1880 | Eval Reward: 202.10
Episode 1900 | Eval Reward: 202.86
Episode 1920 | Eval Reward: 257.68
--> Saved new top model: model_ep1920_rew257.68.zip
--> Removed lower performing model: model_ep1360_rew250.76.zip
Episode 1940 | Eval Reward: 228.98
Episode 1960 | Eval Reward: 254.27
--> Saved new top model: model_ep1960_rew254.27.zip
--> Removed lower performing model: model_ep1680_rew251.53.zip
Episode 1980 | Eval Reward: 206.62
Episode 2000 | Eval Reward: 219.36
Episode 2020 | Eval Reward: 233.34
Episode 2040 | Eval Reward: 227.31
Episode 2060 | Eval Reward: 216.99
Episode 2080 | Eval Reward: 188.56
Episode 2100 | Eval Reward: 233.46
Episode 2120 | Eval Reward: 188.24
Episode 2140 | Eval Reward: 212.29
Episode 2160 | Eval Reward: 211.82
Episode 2180 | Eval Reward: 251.01
Episode 2200 | Eval Reward: 239.97
Episode 2220 | Eval Reward: 226.92
Episode 2240 | Eval Reward: 212.99
Episode 2260 | Eval Reward: 243.46
Episode 2280 | Eval Reward: 182.83
Episode 2300 | Eval Reward: 242.84
Episode 2320 | Eval Reward: 226.39
Episode 2340 | Eval Reward: 203.39

Plot successfully saved to results/plots/Performance_lr0.0003_g0.99_gae0.95_clip0.1_arch64_64.png
--- Training Completed for lr0.0003_g0.99_gae0.95_clip0.1_arch64_64 ---
